The system is: Darwin - 21.1.0 - x86_64
Compiling the C compiler identification source file "CMakeCCompilerId.c" succeeded.
Compiler: /usr/local/bin/gcc-11 
Build flags: 
Id flags:  

The output was:
0


Compilation of the C compiler identification source "CMakeCCompilerId.c" produced "a.out"

The C compiler identification is GNU, found in "/Users/xby/CLionProjects/RayTrace/cmake-build-debug/CMakeFiles/3.19.2/CompilerIdC/a.out"

Compiling the CXX compiler identification source file "CMakeCXXCompilerId.cpp" succeeded.
Compiler: /usr/local/bin/clang++ 
Build flags: 
Id flags:  

The output was:
0


Compilation of the CXX compiler identification source "CMakeCXXCompilerId.cpp" produced "a.out"

The CXX compiler identification is Clang, found in "/Users/xby/CLionProjects/RayTrace/cmake-build-debug/CMakeFiles/3.19.2/CompilerIdCXX/a.out"

Detecting C compiler ABI info compiled with the following output:
Change Dir: /Users/xby/CLionProjects/RayTrace/cmake-build-debug/CMakeFiles/CMakeTmp

Run Build Command(s):/usr/bin/make cmTC_d62ef/fast && /Applications/Xcode.app/Contents/Developer/usr/bin/make  -f CMakeFiles/cmTC_d62ef.dir/build.make CMakeFiles/cmTC_d62ef.dir/build
Building C object CMakeFiles/cmTC_d62ef.dir/CMakeCCompilerABI.c.o
/usr/local/bin/gcc-11   -isysroot /Applications/Xcode.app/Contents/Developer/Platforms/MacOSX.platform/Developer/SDKs/MacOSX12.0.sdk   -v -Wl,-v -o CMakeFiles/cmTC_d62ef.dir/CMakeCCompilerABI.c.o -c /Applications/CLion.app/Contents/bin/cmake/mac/share/cmake-3.19/Modules/CMakeCCompilerABI.c
Using built-in specs.
COLLECT_GCC=/usr/local/bin/gcc-11
Target: x86_64-apple-darwin21
Configured with: ../configure --prefix=/usr/local/Cellar/gcc/11.2.0_1 --libdir=/usr/local/Cellar/gcc/11.2.0_1/lib/gcc/11 --disable-nls --enable-checking=release --enable-languages=c,c++,objc,obj-c++,fortran,d --program-suffix=-11 --with-gmp=/usr/local/opt/gmp --with-mpfr=/usr/local/opt/mpfr --with-mpc=/usr/local/opt/libmpc --with-isl=/usr/local/opt/isl --with-zstd=/usr/local/opt/zstd --with-pkgversion='Homebrew GCC 11.2.0_1' --with-bugurl=https://github.com/Homebrew/homebrew-core/issues --enable-libphobos --build=x86_64-apple-darwin21 --with-system-zlib --disable-multilib --without-build-config --with-native-system-header-dir=/usr/include --with-sysroot=/Library/Developer/CommandLineTools/SDKs/MacOSX12.sdk
Thread model: posix
Supported LTO compression algorithms: zlib zstd
gcc version 11.2.0 (Homebrew GCC 11.2.0_1) 
COLLECT_GCC_OPTIONS='-isysroot' '/Applications/Xcode.app/Contents/Developer/Platforms/MacOSX.platform/Developer/SDKs/MacOSX12.0.sdk' '-v' '-o' 'CMakeFiles/cmTC_d62ef.dir/CMakeCCompilerABI.c.o' '-c' '-mmacosx-version-min=12.0.0' '-asm_macosx_version_min=12.0' '-mtune=core2' '-dumpdir' 'CMakeFiles/cmTC_d62ef.dir/'
 /usr/local/Cellar/gcc/11.2.0_1/libexec/gcc/x86_64-apple-darwin21/11.2.0/cc1 -quiet -v -D__DYNAMIC__ -isysroot /Applications/Xcode.app/Contents/Developer/Platforms/MacOSX.platform/Developer/SDKs/MacOSX12.0.sdk /Applications/CLion.app/Contents/bin/cmake/mac/share/cmake-3.19/Modules/CMakeCCompilerABI.c -fPIC -quiet -dumpdir CMakeFiles/cmTC_d62ef.dir/ -dumpbase CMakeCCompilerABI.c.c -dumpbase-ext .c -mmacosx-version-min=12.0.0 -mtune=core2 -version -o /var/folders/jz/czfd75z142x8017cr_yjjv540000gn/T//cc2l5jqo.s
GNU C17 (Homebrew GCC 11.2.0_1) version 11.2.0 (x86_64-apple-darwin21)
	compiled by GNU C version 11.2.0, GMP version 6.2.1, MPFR version 4.1.0, MPC version 1.2.1, isl version isl-0.24-GMP

GGC heuristics: --param ggc-min-expand=100 --param ggc-min-heapsize=131072
ignoring nonexistent directory "/Applications/Xcode.app/Contents/Developer/Platforms/MacOSX.platform/Developer/SDKs/MacOSX12.0.sdk/usr/local/include"
ignoring nonexistent directory "/usr/local/Cellar/gcc/11.2.0_1/lib/gcc/11/gcc/x86_64-apple-darwin21/11.2.0/../../../../../../x86_64-apple-darwin21/include"
ignoring nonexistent directory "/Applications/Xcode.app/Contents/Developer/Platforms/MacOSX.platform/Developer/SDKs/MacOSX12.0.sdk/Library/Frameworks"
#include "..." search starts here:
#include <...> search starts here:
 /usr/local/Cellar/gcc/11.2.0_1/lib/gcc/11/gcc/x86_64-apple-darwin21/11.2.0/include
 /usr/local/Cellar/gcc/11.2.0_1/lib/gcc/11/gcc/x86_64-apple-darwin21/11.2.0/include-fixed
 /Applications/Xcode.app/Contents/Developer/Platforms/MacOSX.platform/Developer/SDKs/MacOSX12.0.sdk/usr/include
 /Applications/Xcode.app/Contents/Developer/Platforms/MacOSX.platform/Developer/SDKs/MacOSX12.0.sdk/System/Library/Frameworks
End of search list.
GNU C17 (Homebrew GCC 11.2.0_1) version 11.2.0 (x86_64-apple-darwin21)
	compiled by GNU C version 11.2.0, GMP version 6.2.1, MPFR version 4.1.0, MPC version 1.2.1, isl version isl-0.24-GMP

GGC heuristics: --param ggc-min-expand=100 --param ggc-min-heapsize=131072
Compiler executable checksum: 55f6dbc5a7ee55b93380a6765fa1ccbe
COLLECT_GCC_OPTIONS='-isysroot' '/Applications/Xcode.app/Contents/Developer/Platforms/MacOSX.platform/Developer/SDKs/MacOSX12.0.sdk' '-v' '-o' 'CMakeFiles/cmTC_d62ef.dir/CMakeCCompilerABI.c.o' '-c' '-mmacosx-version-min=12.0.0'  '-mtune=core2' '-dumpdir' 'CMakeFiles/cmTC_d62ef.dir/'
 as -arch x86_64 -v -force_cpusubtype_ALL -mmacosx-version-min=12.0 -o CMakeFiles/cmTC_d62ef.dir/CMakeCCompilerABI.c.o /var/folders/jz/czfd75z142x8017cr_yjjv540000gn/T//cc2l5jqo.s
Apple clang version 13.0.0 (clang-1300.0.29.3)
Target: x86_64-apple-darwin21.1.0
Thread model: posix
InstalledDir: /Applications/Xcode.app/Contents/Developer/Toolchains/XcodeDefault.xctoolchain/usr/bin
 "/Applications/Xcode.app/Contents/Developer/Toolchains/XcodeDefault.xctoolchain/usr/bin/clang" -cc1as -triple x86_64-apple-macosx12.0.0 -filetype obj -main-file-name cc2l5jqo.s -target-cpu penryn -fdebug-compilation-dir /Users/xby/CLionProjects/RayTrace/cmake-build-debug/CMakeFiles/CMakeTmp -dwarf-debug-producer "Apple clang version 13.0.0 (clang-1300.0.29.3)" -dwarf-version=4 -mrelocation-model pic --mrelax-relocations -mllvm -disable-aligned-alloc-awareness=1 -mllvm -enable-dse-memoryssa=0 -o CMakeFiles/cmTC_d62ef.dir/CMakeCCompilerABI.c.o /var/folders/jz/czfd75z142x8017cr_yjjv540000gn/T//cc2l5jqo.s
COMPILER_PATH=/usr/local/Cellar/gcc/11.2.0_1/libexec/gcc/x86_64-apple-darwin21/11.2.0/:/usr/local/Cellar/gcc/11.2.0_1/libexec/gcc/x86_64-apple-darwin21/11.2.0/:/usr/local/Cellar/gcc/11.2.0_1/libexec/gcc/x86_64-apple-darwin21/:/usr/local/Cellar/gcc/11.2.0_1/lib/gcc/11/gcc/x86_64-apple-darwin21/11.2.0/:/usr/local/Cellar/gcc/11.2.0_1/lib/gcc/11/gcc/x86_64-apple-darwin21/
LIBRARY_PATH=/usr/local/Cellar/gcc/11.2.0_1/lib/gcc/11/gcc/x86_64-apple-darwin21/11.2.0/:/usr/local/Cellar/gcc/11.2.0_1/lib/gcc/11/gcc/x86_64-apple-darwin21/11.2.0/../../../
COLLECT_GCC_OPTIONS='-isysroot' '/Applications/Xcode.app/Contents/Developer/Platforms/MacOSX.platform/Developer/SDKs/MacOSX12.0.sdk' '-v' '-o' 'CMakeFiles/cmTC_d62ef.dir/CMakeCCompilerABI.c.o' '-c' '-mmacosx-version-min=12.0.0'  '-mtune=core2' '-dumpdir' 'CMakeFiles/cmTC_d62ef.dir/CMakeCCompilerABI.c.'
Linking C executable cmTC_d62ef
/Applications/CLion.app/Contents/bin/cmake/mac/bin/cmake -E cmake_link_script CMakeFiles/cmTC_d62ef.dir/link.txt --verbose=1
/usr/local/bin/gcc-11  -isysroot /Applications/Xcode.app/Contents/Developer/Platforms/MacOSX.platform/Developer/SDKs/MacOSX12.0.sdk -Wl,-search_paths_first -Wl,-headerpad_max_install_names  -v -Wl,-v CMakeFiles/cmTC_d62ef.dir/CMakeCCompilerABI.c.o -o cmTC_d62ef 
Using built-in specs.
COLLECT_GCC=/usr/local/bin/gcc-11
COLLECT_LTO_WRAPPER=/usr/local/Cellar/gcc/11.2.0_1/libexec/gcc/x86_64-apple-darwin21/11.2.0/lto-wrapper
Target: x86_64-apple-darwin21
Configured with: ../configure --prefix=/usr/local/Cellar/gcc/11.2.0_1 --libdir=/usr/local/Cellar/gcc/11.2.0_1/lib/gcc/11 --disable-nls --enable-checking=release --enable-languages=c,c++,objc,obj-c++,fortran,d --program-suffix=-11 --with-gmp=/usr/local/opt/gmp --with-mpfr=/usr/local/opt/mpfr --with-mpc=/usr/local/opt/libmpc --with-isl=/usr/local/opt/isl --with-zstd=/usr/local/opt/zstd --with-pkgversion='Homebrew GCC 11.2.0_1' --with-bugurl=https://github.com/Homebrew/homebrew-core/issues --enable-libphobos --build=x86_64-apple-darwin21 --with-system-zlib --disable-multilib --without-build-config --with-native-system-header-dir=/usr/include --with-sysroot=/Library/Developer/CommandLineTools/SDKs/MacOSX12.sdk
Thread model: posix
Supported LTO compression algorithms: zlib zstd
gcc version 11.2.0 (Homebrew GCC 11.2.0_1) 
COMPILER_PATH=/usr/local/Cellar/gcc/11.2.0_1/libexec/gcc/x86_64-apple-darwin21/11.2.0/:/usr/local/Cellar/gcc/11.2.0_1/libexec/gcc/x86_64-apple-darwin21/11.2.0/:/usr/local/Cellar/gcc/11.2.0_1/libexec/gcc/x86_64-apple-darwin21/:/usr/local/Cellar/gcc/11.2.0_1/lib/gcc/11/gcc/x86_64-apple-darwin21/11.2.0/:/usr/local/Cellar/gcc/11.2.0_1/lib/gcc/11/gcc/x86_64-apple-darwin21/
LIBRARY_PATH=/usr/local/Cellar/gcc/11.2.0_1/lib/gcc/11/gcc/x86_64-apple-darwin21/11.2.0/:/usr/local/Cellar/gcc/11.2.0_1/lib/gcc/11/gcc/x86_64-apple-darwin21/11.2.0/../../../
COLLECT_GCC_OPTIONS='-isysroot' '/Applications/Xcode.app/Contents/Developer/Platforms/MacOSX.platform/Developer/SDKs/MacOSX12.0.sdk' '-v' '-o' 'cmTC_d62ef' '-mmacosx-version-min=12.0.0' '-asm_macosx_version_min=12.0' '-mtune=core2' '-dumpdir' 'cmTC_d62ef.'
 /usr/local/Cellar/gcc/11.2.0_1/libexec/gcc/x86_64-apple-darwin21/11.2.0/collect2 -dynamic -arch x86_64 -macosx_version_min 12.0.0 -syslibroot /Applications/Xcode.app/Contents/Developer/Platforms/MacOSX.platform/Developer/SDKs/MacOSX12.0.sdk -weak_reference_mismatches non-weak -o cmTC_d62ef -L/usr/local/Cellar/gcc/11.2.0_1/lib/gcc/11/gcc/x86_64-apple-darwin21/11.2.0 -L/usr/local/Cellar/gcc/11.2.0_1/lib/gcc/11/gcc/x86_64-apple-darwin21/11.2.0/../../.. -search_paths_first -headerpad_max_install_names -v CMakeFiles/cmTC_d62ef.dir/CMakeCCompilerABI.c.o -lSystem -lgcc_ext.10.5 -lgcc -lSystem -no_compact_unwind -v
collect2 version 11.2.0
/usr/bin/ld -dynamic -arch x86_64 -macosx_version_min 12.0.0 -syslibroot /Applications/Xcode.app/Contents/Developer/Platforms/MacOSX.platform/Developer/SDKs/MacOSX12.0.sdk -weak_reference_mismatches non-weak -o cmTC_d62ef -L/usr/local/Cellar/gcc/11.2.0_1/lib/gcc/11/gcc/x86_64-apple-darwin21/11.2.0 -L/usr/local/Cellar/gcc/11.2.0_1/lib/gcc/11/gcc/x86_64-apple-darwin21/11.2.0/../../.. -search_paths_first -headerpad_max_install_names -v CMakeFiles/cmTC_d62ef.dir/CMakeCCompilerABI.c.o -lSystem -lgcc_ext.10.5 -lgcc -lSystem -no_compact_unwind -v
@(#)PROGRAM:ld  PROJECT:ld64-711
BUILD 18:11:15 Aug  3 2021
configured to support archs: armv6 armv7 armv7s arm64 arm64e arm64_32 i386 x86_64 x86_64h armv6m armv7k armv7m armv7em
@(#)PROGRAM:ld  PROJECT:ld64-711
BUILD 18:11:15 Aug  3 2021
configured to support archs: armv6 armv7 armv7s arm64 arm64e arm64_32 i386 x86_64 x86_64h armv6m armv7k armv7m armv7em
Library search paths:
	/usr/local/Cellar/gcc/11.2.0_1/lib/gcc/11/gcc/x86_64-apple-darwin21/11.2.0
	/usr/local/Cellar/gcc/11.2.0_1/lib/gcc/11
	/Applications/Xcode.app/Contents/Developer/Platforms/MacOSX.platform/Developer/SDKs/MacOSX12.0.sdk/usr/lib
Framework search paths:
	/Applications/Xcode.app/Contents/Developer/Platforms/MacOSX.platform/Developer/SDKs/MacOSX12.0.sdk/System/Library/Frameworks/



Parsed C implicit include dir info from above output: rv=done
  found start of include info
  found start of implicit include info
    add: [/usr/local/Cellar/gcc/11.2.0_1/lib/gcc/11/gcc/x86_64-apple-darwin21/11.2.0/include]
    add: [/usr/local/Cellar/gcc/11.2.0_1/lib/gcc/11/gcc/x86_64-apple-darwin21/11.2.0/include-fixed]
    add: [/Applications/Xcode.app/Contents/Developer/Platforms/MacOSX.platform/Developer/SDKs/MacOSX12.0.sdk/usr/include]
    add: [/Applications/Xcode.app/Contents/Developer/Platforms/MacOSX.platform/Developer/SDKs/MacOSX12.0.sdk/System/Library/Frameworks]
  end of search list found
  collapse include dir [/usr/local/Cellar/gcc/11.2.0_1/lib/gcc/11/gcc/x86_64-apple-darwin21/11.2.0/include] ==> [/usr/local/Cellar/gcc/11.2.0_1/lib/gcc/11/gcc/x86_64-apple-darwin21/11.2.0/include]
  collapse include dir [/usr/local/Cellar/gcc/11.2.0_1/lib/gcc/11/gcc/x86_64-apple-darwin21/11.2.0/include-fixed] ==> [/usr/local/Cellar/gcc/11.2.0_1/lib/gcc/11/gcc/x86_64-apple-darwin21/11.2.0/include-fixed]
  collapse include dir [/Applications/Xcode.app/Contents/Developer/Platforms/MacOSX.platform/Developer/SDKs/MacOSX12.0.sdk/usr/include] ==> [/Applications/Xcode.app/Contents/Developer/Platforms/MacOSX.platform/Developer/SDKs/MacOSX12.0.sdk/usr/include]
  collapse include dir [/Applications/Xcode.app/Contents/Developer/Platforms/MacOSX.platform/Developer/SDKs/MacOSX12.0.sdk/System/Library/Frameworks] ==> [/Applications/Xcode.app/Contents/Developer/Platforms/MacOSX.platform/Developer/SDKs/MacOSX12.0.sdk/System/Library/Frameworks]
  implicit include dirs: [/usr/local/Cellar/gcc/11.2.0_1/lib/gcc/11/gcc/x86_64-apple-darwin21/11.2.0/include;/usr/local/Cellar/gcc/11.2.0_1/lib/gcc/11/gcc/x86_64-apple-darwin21/11.2.0/include-fixed;/Applications/Xcode.app/Contents/Developer/Platforms/MacOSX.platform/Developer/SDKs/MacOSX12.0.sdk/usr/include;/Applications/Xcode.app/Contents/Developer/Platforms/MacOSX.platform/Developer/SDKs/MacOSX12.0.sdk/System/Library/Frameworks]


Parsed C implicit link information from above output:
  link line regex: [^( *|.*[/\])(ld|CMAKE_LINK_STARTFILE-NOTFOUND|([^/\]+-)?ld|collect2)[^/\]*( |$)]
  ignore line: [Change Dir: /Users/xby/CLionProjects/RayTrace/cmake-build-debug/CMakeFiles/CMakeTmp]
  ignore line: []
  ignore line: [Run Build Command(s):/usr/bin/make cmTC_d62ef/fast && /Applications/Xcode.app/Contents/Developer/usr/bin/make  -f CMakeFiles/cmTC_d62ef.dir/build.make CMakeFiles/cmTC_d62ef.dir/build]
  ignore line: [Building C object CMakeFiles/cmTC_d62ef.dir/CMakeCCompilerABI.c.o]
  ignore line: [/usr/local/bin/gcc-11   -isysroot /Applications/Xcode.app/Contents/Developer/Platforms/MacOSX.platform/Developer/SDKs/MacOSX12.0.sdk   -v -Wl -v -o CMakeFiles/cmTC_d62ef.dir/CMakeCCompilerABI.c.o -c /Applications/CLion.app/Contents/bin/cmake/mac/share/cmake-3.19/Modules/CMakeCCompilerABI.c]
  ignore line: [Using built-in specs.]
  ignore line: [COLLECT_GCC=/usr/local/bin/gcc-11]
  ignore line: [Target: x86_64-apple-darwin21]
  ignore line: [Configured with: ../configure --prefix=/usr/local/Cellar/gcc/11.2.0_1 --libdir=/usr/local/Cellar/gcc/11.2.0_1/lib/gcc/11 --disable-nls --enable-checking=release --enable-languages=c c++ objc obj-c++ fortran d --program-suffix=-11 --with-gmp=/usr/local/opt/gmp --with-mpfr=/usr/local/opt/mpfr --with-mpc=/usr/local/opt/libmpc --with-isl=/usr/local/opt/isl --with-zstd=/usr/local/opt/zstd --with-pkgversion='Homebrew GCC 11.2.0_1' --with-bugurl=https://github.com/Homebrew/homebrew-core/issues --enable-libphobos --build=x86_64-apple-darwin21 --with-system-zlib --disable-multilib --without-build-config --with-native-system-header-dir=/usr/include --with-sysroot=/Library/Developer/CommandLineTools/SDKs/MacOSX12.sdk]
  ignore line: [Thread model: posix]
  ignore line: [Supported LTO compression algorithms: zlib zstd]
  ignore line: [gcc version 11.2.0 (Homebrew GCC 11.2.0_1) ]
  ignore line: [COLLECT_GCC_OPTIONS='-isysroot' '/Applications/Xcode.app/Contents/Developer/Platforms/MacOSX.platform/Developer/SDKs/MacOSX12.0.sdk' '-v' '-o' 'CMakeFiles/cmTC_d62ef.dir/CMakeCCompilerABI.c.o' '-c' '-mmacosx-version-min=12.0.0' '-asm_macosx_version_min=12.0' '-mtune=core2' '-dumpdir' 'CMakeFiles/cmTC_d62ef.dir/']
  ignore line: [ /usr/local/Cellar/gcc/11.2.0_1/libexec/gcc/x86_64-apple-darwin21/11.2.0/cc1 -quiet -v -D__DYNAMIC__ -isysroot /Applications/Xcode.app/Contents/Developer/Platforms/MacOSX.platform/Developer/SDKs/MacOSX12.0.sdk /Applications/CLion.app/Contents/bin/cmake/mac/share/cmake-3.19/Modules/CMakeCCompilerABI.c -fPIC -quiet -dumpdir CMakeFiles/cmTC_d62ef.dir/ -dumpbase CMakeCCompilerABI.c.c -dumpbase-ext .c -mmacosx-version-min=12.0.0 -mtune=core2 -version -o /var/folders/jz/czfd75z142x8017cr_yjjv540000gn/T//cc2l5jqo.s]
  ignore line: [GNU C17 (Homebrew GCC 11.2.0_1) version 11.2.0 (x86_64-apple-darwin21)]
  ignore line: [	compiled by GNU C version 11.2.0  GMP version 6.2.1  MPFR version 4.1.0  MPC version 1.2.1  isl version isl-0.24-GMP]
  ignore line: []
  ignore line: [GGC heuristics: --param ggc-min-expand=100 --param ggc-min-heapsize=131072]
  ignore line: [ignoring nonexistent directory "/Applications/Xcode.app/Contents/Developer/Platforms/MacOSX.platform/Developer/SDKs/MacOSX12.0.sdk/usr/local/include"]
  ignore line: [ignoring nonexistent directory "/usr/local/Cellar/gcc/11.2.0_1/lib/gcc/11/gcc/x86_64-apple-darwin21/11.2.0/../../../../../../x86_64-apple-darwin21/include"]
  ignore line: [ignoring nonexistent directory "/Applications/Xcode.app/Contents/Developer/Platforms/MacOSX.platform/Developer/SDKs/MacOSX12.0.sdk/Library/Frameworks"]
  ignore line: [#include "..." search starts here:]
  ignore line: [#include <...> search starts here:]
  ignore line: [ /usr/local/Cellar/gcc/11.2.0_1/lib/gcc/11/gcc/x86_64-apple-darwin21/11.2.0/include]
  ignore line: [ /usr/local/Cellar/gcc/11.2.0_1/lib/gcc/11/gcc/x86_64-apple-darwin21/11.2.0/include-fixed]
  ignore line: [ /Applications/Xcode.app/Contents/Developer/Platforms/MacOSX.platform/Developer/SDKs/MacOSX12.0.sdk/usr/include]
  ignore line: [ /Applications/Xcode.app/Contents/Developer/Platforms/MacOSX.platform/Developer/SDKs/MacOSX12.0.sdk/System/Library/Frameworks]
  ignore line: [End of search list.]
  ignore line: [GNU C17 (Homebrew GCC 11.2.0_1) version 11.2.0 (x86_64-apple-darwin21)]
  ignore line: [	compiled by GNU C version 11.2.0  GMP version 6.2.1  MPFR version 4.1.0  MPC version 1.2.1  isl version isl-0.24-GMP]
  ignore line: []
  ignore line: [GGC heuristics: --param ggc-min-expand=100 --param ggc-min-heapsize=131072]
  ignore line: [Compiler executable checksum: 55f6dbc5a7ee55b93380a6765fa1ccbe]
  ignore line: [COLLECT_GCC_OPTIONS='-isysroot' '/Applications/Xcode.app/Contents/Developer/Platforms/MacOSX.platform/Developer/SDKs/MacOSX12.0.sdk' '-v' '-o' 'CMakeFiles/cmTC_d62ef.dir/CMakeCCompilerABI.c.o' '-c' '-mmacosx-version-min=12.0.0'  '-mtune=core2' '-dumpdir' 'CMakeFiles/cmTC_d62ef.dir/']
  ignore line: [ as -arch x86_64 -v -force_cpusubtype_ALL -mmacosx-version-min=12.0 -o CMakeFiles/cmTC_d62ef.dir/CMakeCCompilerABI.c.o /var/folders/jz/czfd75z142x8017cr_yjjv540000gn/T//cc2l5jqo.s]
  ignore line: [Apple clang version 13.0.0 (clang-1300.0.29.3)]
  ignore line: [Target: x86_64-apple-darwin21.1.0]
  ignore line: [Thread model: posix]
  ignore line: [InstalledDir: /Applications/Xcode.app/Contents/Developer/Toolchains/XcodeDefault.xctoolchain/usr/bin]
  ignore line: [ "/Applications/Xcode.app/Contents/Developer/Toolchains/XcodeDefault.xctoolchain/usr/bin/clang" -cc1as -triple x86_64-apple-macosx12.0.0 -filetype obj -main-file-name cc2l5jqo.s -target-cpu penryn -fdebug-compilation-dir /Users/xby/CLionProjects/RayTrace/cmake-build-debug/CMakeFiles/CMakeTmp -dwarf-debug-producer "Apple clang version 13.0.0 (clang-1300.0.29.3)" -dwarf-version=4 -mrelocation-model pic --mrelax-relocations -mllvm -disable-aligned-alloc-awareness=1 -mllvm -enable-dse-memoryssa=0 -o CMakeFiles/cmTC_d62ef.dir/CMakeCCompilerABI.c.o /var/folders/jz/czfd75z142x8017cr_yjjv540000gn/T//cc2l5jqo.s]
  ignore line: [COMPILER_PATH=/usr/local/Cellar/gcc/11.2.0_1/libexec/gcc/x86_64-apple-darwin21/11.2.0/:/usr/local/Cellar/gcc/11.2.0_1/libexec/gcc/x86_64-apple-darwin21/11.2.0/:/usr/local/Cellar/gcc/11.2.0_1/libexec/gcc/x86_64-apple-darwin21/:/usr/local/Cellar/gcc/11.2.0_1/lib/gcc/11/gcc/x86_64-apple-darwin21/11.2.0/:/usr/local/Cellar/gcc/11.2.0_1/lib/gcc/11/gcc/x86_64-apple-darwin21/]
  ignore line: [LIBRARY_PATH=/usr/local/Cellar/gcc/11.2.0_1/lib/gcc/11/gcc/x86_64-apple-darwin21/11.2.0/:/usr/local/Cellar/gcc/11.2.0_1/lib/gcc/11/gcc/x86_64-apple-darwin21/11.2.0/../../../]
  ignore line: [COLLECT_GCC_OPTIONS='-isysroot' '/Applications/Xcode.app/Contents/Developer/Platforms/MacOSX.platform/Developer/SDKs/MacOSX12.0.sdk' '-v' '-o' 'CMakeFiles/cmTC_d62ef.dir/CMakeCCompilerABI.c.o' '-c' '-mmacosx-version-min=12.0.0'  '-mtune=core2' '-dumpdir' 'CMakeFiles/cmTC_d62ef.dir/CMakeCCompilerABI.c.']
  ignore line: [Linking C executable cmTC_d62ef]
  ignore line: [/Applications/CLion.app/Contents/bin/cmake/mac/bin/cmake -E cmake_link_script CMakeFiles/cmTC_d62ef.dir/link.txt --verbose=1]
  ignore line: [/usr/local/bin/gcc-11  -isysroot /Applications/Xcode.app/Contents/Developer/Platforms/MacOSX.platform/Developer/SDKs/MacOSX12.0.sdk -Wl -search_paths_first -Wl -headerpad_max_install_names  -v -Wl -v CMakeFiles/cmTC_d62ef.dir/CMakeCCompilerABI.c.o -o cmTC_d62ef ]
  ignore line: [Using built-in specs.]
  ignore line: [COLLECT_GCC=/usr/local/bin/gcc-11]
  ignore line: [COLLECT_LTO_WRAPPER=/usr/local/Cellar/gcc/11.2.0_1/libexec/gcc/x86_64-apple-darwin21/11.2.0/lto-wrapper]
  ignore line: [Target: x86_64-apple-darwin21]
  ignore line: [Configured with: ../configure --prefix=/usr/local/Cellar/gcc/11.2.0_1 --libdir=/usr/local/Cellar/gcc/11.2.0_1/lib/gcc/11 --disable-nls --enable-checking=release --enable-languages=c c++ objc obj-c++ fortran d --program-suffix=-11 --with-gmp=/usr/local/opt/gmp --with-mpfr=/usr/local/opt/mpfr --with-mpc=/usr/local/opt/libmpc --with-isl=/usr/local/opt/isl --with-zstd=/usr/local/opt/zstd --with-pkgversion='Homebrew GCC 11.2.0_1' --with-bugurl=https://github.com/Homebrew/homebrew-core/issues --enable-libphobos --build=x86_64-apple-darwin21 --with-system-zlib --disable-multilib --without-build-config --with-native-system-header-dir=/usr/include --with-sysroot=/Library/Developer/CommandLineTools/SDKs/MacOSX12.sdk]
  ignore line: [Thread model: posix]
  ignore line: [Supported LTO compression algorithms: zlib zstd]
  ignore line: [gcc version 11.2.0 (Homebrew GCC 11.2.0_1) ]
  ignore line: [COMPILER_PATH=/usr/local/Cellar/gcc/11.2.0_1/libexec/gcc/x86_64-apple-darwin21/11.2.0/:/usr/local/Cellar/gcc/11.2.0_1/libexec/gcc/x86_64-apple-darwin21/11.2.0/:/usr/local/Cellar/gcc/11.2.0_1/libexec/gcc/x86_64-apple-darwin21/:/usr/local/Cellar/gcc/11.2.0_1/lib/gcc/11/gcc/x86_64-apple-darwin21/11.2.0/:/usr/local/Cellar/gcc/11.2.0_1/lib/gcc/11/gcc/x86_64-apple-darwin21/]
  ignore line: [LIBRARY_PATH=/usr/local/Cellar/gcc/11.2.0_1/lib/gcc/11/gcc/x86_64-apple-darwin21/11.2.0/:/usr/local/Cellar/gcc/11.2.0_1/lib/gcc/11/gcc/x86_64-apple-darwin21/11.2.0/../../../]
  ignore line: [COLLECT_GCC_OPTIONS='-isysroot' '/Applications/Xcode.app/Contents/Developer/Platforms/MacOSX.platform/Developer/SDKs/MacOSX12.0.sdk' '-v' '-o' 'cmTC_d62ef' '-mmacosx-version-min=12.0.0' '-asm_macosx_version_min=12.0' '-mtune=core2' '-dumpdir' 'cmTC_d62ef.']
  link line: [ /usr/local/Cellar/gcc/11.2.0_1/libexec/gcc/x86_64-apple-darwin21/11.2.0/collect2 -dynamic -arch x86_64 -macosx_version_min 12.0.0 -syslibroot /Applications/Xcode.app/Contents/Developer/Platforms/MacOSX.platform/Developer/SDKs/MacOSX12.0.sdk -weak_reference_mismatches non-weak -o cmTC_d62ef -L/usr/local/Cellar/gcc/11.2.0_1/lib/gcc/11/gcc/x86_64-apple-darwin21/11.2.0 -L/usr/local/Cellar/gcc/11.2.0_1/lib/gcc/11/gcc/x86_64-apple-darwin21/11.2.0/../../.. -search_paths_first -headerpad_max_install_names -v CMakeFiles/cmTC_d62ef.dir/CMakeCCompilerABI.c.o -lSystem -lgcc_ext.10.5 -lgcc -lSystem -no_compact_unwind -v]
    arg [/usr/local/Cellar/gcc/11.2.0_1/libexec/gcc/x86_64-apple-darwin21/11.2.0/collect2] ==> ignore
    arg [-dynamic] ==> ignore
    arg [-arch] ==> ignore
    arg [x86_64] ==> ignore
    arg [-macosx_version_min] ==> ignore
    arg [12.0.0] ==> ignore
    arg [-syslibroot] ==> ignore
    arg [/Applications/Xcode.app/Contents/Developer/Platforms/MacOSX.platform/Developer/SDKs/MacOSX12.0.sdk] ==> ignore
    arg [-weak_reference_mismatches] ==> ignore
    arg [non-weak] ==> ignore
    arg [-o] ==> ignore
    arg [cmTC_d62ef] ==> ignore
    arg [-L/usr/local/Cellar/gcc/11.2.0_1/lib/gcc/11/gcc/x86_64-apple-darwin21/11.2.0] ==> dir [/usr/local/Cellar/gcc/11.2.0_1/lib/gcc/11/gcc/x86_64-apple-darwin21/11.2.0]
    arg [-L/usr/local/Cellar/gcc/11.2.0_1/lib/gcc/11/gcc/x86_64-apple-darwin21/11.2.0/../../..] ==> dir [/usr/local/Cellar/gcc/11.2.0_1/lib/gcc/11/gcc/x86_64-apple-darwin21/11.2.0/../../..]
    arg [-search_paths_first] ==> ignore
    arg [-headerpad_max_install_names] ==> ignore
    arg [-v] ==> ignore
    arg [CMakeFiles/cmTC_d62ef.dir/CMakeCCompilerABI.c.o] ==> ignore
    arg [-lSystem] ==> lib [System]
    arg [-lgcc_ext.10.5] ==> lib [gcc_ext.10.5]
    arg [-lgcc] ==> lib [gcc]
    arg [-lSystem] ==> lib [System]
    arg [-no_compact_unwind] ==> ignore
    arg [-v] ==> ignore
  Library search paths: [;/usr/local/Cellar/gcc/11.2.0_1/lib/gcc/11/gcc/x86_64-apple-darwin21/11.2.0;/usr/local/Cellar/gcc/11.2.0_1/lib/gcc/11;/Applications/Xcode.app/Contents/Developer/Platforms/MacOSX.platform/Developer/SDKs/MacOSX12.0.sdk/usr/lib]
  Framework search paths: [;/Applications/Xcode.app/Contents/Developer/Platforms/MacOSX.platform/Developer/SDKs/MacOSX12.0.sdk/System/Library/Frameworks/]
  remove lib [System]
  remove lib [System]
  collapse library dir [/usr/local/Cellar/gcc/11.2.0_1/lib/gcc/11/gcc/x86_64-apple-darwin21/11.2.0] ==> [/usr/local/Cellar/gcc/11.2.0_1/lib/gcc/11/gcc/x86_64-apple-darwin21/11.2.0]
  collapse library dir [/usr/local/Cellar/gcc/11.2.0_1/lib/gcc/11/gcc/x86_64-apple-darwin21/11.2.0/../../..] ==> [/usr/local/Cellar/gcc/11.2.0_1/lib/gcc/11]
  collapse library dir [/usr/local/Cellar/gcc/11.2.0_1/lib/gcc/11/gcc/x86_64-apple-darwin21/11.2.0] ==> [/usr/local/Cellar/gcc/11.2.0_1/lib/gcc/11/gcc/x86_64-apple-darwin21/11.2.0]
  collapse library dir [/usr/local/Cellar/gcc/11.2.0_1/lib/gcc/11] ==> [/usr/local/Cellar/gcc/11.2.0_1/lib/gcc/11]
  collapse library dir [/Applications/Xcode.app/Contents/Developer/Platforms/MacOSX.platform/Developer/SDKs/MacOSX12.0.sdk/usr/lib] ==> [/Applications/Xcode.app/Contents/Developer/Platforms/MacOSX.platform/Developer/SDKs/MacOSX12.0.sdk/usr/lib]
  collapse framework dir [/Applications/Xcode.app/Contents/Developer/Platforms/MacOSX.platform/Developer/SDKs/MacOSX12.0.sdk/System/Library/Frameworks/] ==> [/Applications/Xcode.app/Contents/Developer/Platforms/MacOSX.platform/Developer/SDKs/MacOSX12.0.sdk/System/Library/Frameworks]
  implicit libs: [gcc_ext.10.5;gcc]
  implicit dirs: [/usr/local/Cellar/gcc/11.2.0_1/lib/gcc/11/gcc/x86_64-apple-darwin21/11.2.0;/usr/local/Cellar/gcc/11.2.0_1/lib/gcc/11;/Applications/Xcode.app/Contents/Developer/Platforms/MacOSX.platform/Developer/SDKs/MacOSX12.0.sdk/usr/lib]
  implicit fwks: [/Applications/Xcode.app/Contents/Developer/Platforms/MacOSX.platform/Developer/SDKs/MacOSX12.0.sdk/System/Library/Frameworks]


Detecting CXX compiler ABI info compiled with the following output:
Change Dir: /Users/xby/CLionProjects/RayTrace/cmake-build-debug/CMakeFiles/CMakeTmp

Run Build Command(s):/usr/bin/make cmTC_65d6e/fast && /Applications/Xcode.app/Contents/Developer/usr/bin/make  -f CMakeFiles/cmTC_65d6e.dir/build.make CMakeFiles/cmTC_65d6e.dir/build
Building CXX object CMakeFiles/cmTC_65d6e.dir/CMakeCXXCompilerABI.cpp.o
/usr/local/bin/clang++   -isysroot /Applications/Xcode.app/Contents/Developer/Platforms/MacOSX.platform/Developer/SDKs/MacOSX12.0.sdk   -v -Wl,-v -o CMakeFiles/cmTC_65d6e.dir/CMakeCXXCompilerABI.cpp.o -c /Applications/CLion.app/Contents/bin/cmake/mac/share/cmake-3.19/Modules/CMakeCXXCompilerABI.cpp
Homebrew clang version 13.0.0
Target: x86_64-apple-darwin21.1.0
Thread model: posix
InstalledDir: /usr/local/bin
clang-13: warning: -Wl,-v: 'linker' input unused [-Wunused-command-line-argument]
 (in-process)
 "/usr/local/Cellar/llvm/13.0.0_1/bin/clang-13" -cc1 -triple x86_64-apple-macosx12.0.0 -Wundef-prefix=TARGET_OS_ -Werror=undef-prefix -Wdeprecated-objc-isa-usage -Werror=deprecated-objc-isa-usage -emit-obj -mrelax-all --mrelax-relocations -disable-free -disable-llvm-verifier -discard-value-names -main-file-name CMakeCXXCompilerABI.cpp -mrelocation-model pic -pic-level 2 -mframe-pointer=all -fno-rounding-math -munwind-tables -target-sdk-version=12.0 -fcompatibility-qualified-id-block-type-checking -fvisibility-inlines-hidden-static-local-var -target-cpu penryn -tune-cpu generic -debugger-tuning=lldb -target-linker-version 711 -v -fcoverage-compilation-dir=/Users/xby/CLionProjects/RayTrace/cmake-build-debug/CMakeFiles/CMakeTmp -resource-dir /usr/local/Cellar/llvm/13.0.0_1/lib/clang/13.0.0 -isysroot /Applications/Xcode.app/Contents/Developer/Platforms/MacOSX.platform/Developer/SDKs/MacOSX12.0.sdk -stdlib=libc++ -internal-isystem /usr/local/bin/../include/c++/v1 -internal-isystem /Applications/Xcode.app/Contents/Developer/Platforms/MacOSX.platform/Developer/SDKs/MacOSX12.0.sdk/usr/local/include -internal-isystem /usr/local/Cellar/llvm/13.0.0_1/lib/clang/13.0.0/include -internal-externc-isystem /Applications/Xcode.app/Contents/Developer/Platforms/MacOSX.platform/Developer/SDKs/MacOSX12.0.sdk/usr/include -fdeprecated-macro -fdebug-compilation-dir=/Users/xby/CLionProjects/RayTrace/cmake-build-debug/CMakeFiles/CMakeTmp -ferror-limit 19 -stack-protector 1 -fblocks -fencode-extended-block-signature -fregister-global-dtors-with-atexit -fgnuc-version=4.2.1 -fcxx-exceptions -fexceptions -fmax-type-align=16 -D__GCC_HAVE_DWARF2_CFI_ASM=1 -o CMakeFiles/cmTC_65d6e.dir/CMakeCXXCompilerABI.cpp.o -x c++ /Applications/CLion.app/Contents/bin/cmake/mac/share/cmake-3.19/Modules/CMakeCXXCompilerABI.cpp
clang -cc1 version 13.0.0 based upon LLVM 13.0.0 default target x86_64-apple-darwin21.1.0
ignoring nonexistent directory "/Applications/Xcode.app/Contents/Developer/Platforms/MacOSX.platform/Developer/SDKs/MacOSX12.0.sdk/usr/local/include"
ignoring nonexistent directory "/Applications/Xcode.app/Contents/Developer/Platforms/MacOSX.platform/Developer/SDKs/MacOSX12.0.sdk/Library/Frameworks"
#include "..." search starts here:
#include <...> search starts here:
 /usr/local/bin/../include/c++/v1
 /usr/local/Cellar/llvm/13.0.0_1/lib/clang/13.0.0/include
 /Applications/Xcode.app/Contents/Developer/Platforms/MacOSX.platform/Developer/SDKs/MacOSX12.0.sdk/usr/include
 /Applications/Xcode.app/Contents/Developer/Platforms/MacOSX.platform/Developer/SDKs/MacOSX12.0.sdk/System/Library/Frameworks (framework directory)
End of search list.
Linking CXX executable cmTC_65d6e
/Applications/CLion.app/Contents/bin/cmake/mac/bin/cmake -E cmake_link_script CMakeFiles/cmTC_65d6e.dir/link.txt --verbose=1
/usr/local/bin/clang++  -isysroot /Applications/Xcode.app/Contents/Developer/Platforms/MacOSX.platform/Developer/SDKs/MacOSX12.0.sdk -Wl,-search_paths_first -Wl,-headerpad_max_install_names  -v -Wl,-v CMakeFiles/cmTC_65d6e.dir/CMakeCXXCompilerABI.cpp.o -o cmTC_65d6e 
Homebrew clang version 13.0.0
Target: x86_64-apple-darwin21.1.0
Thread model: posix
InstalledDir: /usr/local/bin
 "/usr/bin/ld" -demangle -lto_library /usr/local/Cellar/llvm/13.0.0_1/lib/libLTO.dylib -dynamic -arch x86_64 -platform_version macos 12.0.0 12.0 -syslibroot /Library/Developer/CommandLineTools/SDKs/MacOSX12.sdk -o cmTC_65d6e -search_paths_first -headerpad_max_install_names -v CMakeFiles/cmTC_65d6e.dir/CMakeCXXCompilerABI.cpp.o -lc++ -lSystem /usr/local/Cellar/llvm/13.0.0_1/lib/clang/13.0.0/lib/darwin/libclang_rt.osx.a
@(#)PROGRAM:ld  PROJECT:ld64-711
BUILD 18:11:15 Aug  3 2021
configured to support archs: armv6 armv7 armv7s arm64 arm64e arm64_32 i386 x86_64 x86_64h armv6m armv7k armv7m armv7em
Library search paths:
	/Library/Developer/CommandLineTools/SDKs/MacOSX12.sdk/usr/lib
Framework search paths:
	/Library/Developer/CommandLineTools/SDKs/MacOSX12.sdk/System/Library/Frameworks/



Parsed CXX implicit include dir info from above output: rv=done
  found start of include info
  found start of implicit include info
    add: [/usr/local/bin/../include/c++/v1]
    add: [/usr/local/Cellar/llvm/13.0.0_1/lib/clang/13.0.0/include]
    add: [/Applications/Xcode.app/Contents/Developer/Platforms/MacOSX.platform/Developer/SDKs/MacOSX12.0.sdk/usr/include]
  end of search list found
  collapse include dir [/usr/local/bin/../include/c++/v1] ==> [/usr/local/include/c++/v1]
  collapse include dir [/usr/local/Cellar/llvm/13.0.0_1/lib/clang/13.0.0/include] ==> [/usr/local/Cellar/llvm/13.0.0_1/lib/clang/13.0.0/include]
  collapse include dir [/Applications/Xcode.app/Contents/Developer/Platforms/MacOSX.platform/Developer/SDKs/MacOSX12.0.sdk/usr/include] ==> [/Applications/Xcode.app/Contents/Developer/Platforms/MacOSX.platform/Developer/SDKs/MacOSX12.0.sdk/usr/include]
  implicit include dirs: [/usr/local/include/c++/v1;/usr/local/Cellar/llvm/13.0.0_1/lib/clang/13.0.0/include;/Applications/Xcode.app/Contents/Developer/Platforms/MacOSX.platform/Developer/SDKs/MacOSX12.0.sdk/usr/include]


Parsed CXX implicit link information from above output:
  link line regex: [^( *|.*[/\])(ld|CMAKE_LINK_STARTFILE-NOTFOUND|([^/\]+-)?ld|collect2)[^/\]*( |$)]
  ignore line: [Change Dir: /Users/xby/CLionProjects/RayTrace/cmake-build-debug/CMakeFiles/CMakeTmp]
  ignore line: []
  ignore line: [Run Build Command(s):/usr/bin/make cmTC_65d6e/fast && /Applications/Xcode.app/Contents/Developer/usr/bin/make  -f CMakeFiles/cmTC_65d6e.dir/build.make CMakeFiles/cmTC_65d6e.dir/build]
  ignore line: [Building CXX object CMakeFiles/cmTC_65d6e.dir/CMakeCXXCompilerABI.cpp.o]
  ignore line: [/usr/local/bin/clang++   -isysroot /Applications/Xcode.app/Contents/Developer/Platforms/MacOSX.platform/Developer/SDKs/MacOSX12.0.sdk   -v -Wl -v -o CMakeFiles/cmTC_65d6e.dir/CMakeCXXCompilerABI.cpp.o -c /Applications/CLion.app/Contents/bin/cmake/mac/share/cmake-3.19/Modules/CMakeCXXCompilerABI.cpp]
  ignore line: [Homebrew clang version 13.0.0]
  ignore line: [Target: x86_64-apple-darwin21.1.0]
  ignore line: [Thread model: posix]
  ignore line: [InstalledDir: /usr/local/bin]
  ignore line: [clang-13: warning: -Wl -v: 'linker' input unused [-Wunused-command-line-argument]]
  ignore line: [ (in-process)]
  ignore line: [ "/usr/local/Cellar/llvm/13.0.0_1/bin/clang-13" -cc1 -triple x86_64-apple-macosx12.0.0 -Wundef-prefix=TARGET_OS_ -Werror=undef-prefix -Wdeprecated-objc-isa-usage -Werror=deprecated-objc-isa-usage -emit-obj -mrelax-all --mrelax-relocations -disable-free -disable-llvm-verifier -discard-value-names -main-file-name CMakeCXXCompilerABI.cpp -mrelocation-model pic -pic-level 2 -mframe-pointer=all -fno-rounding-math -munwind-tables -target-sdk-version=12.0 -fcompatibility-qualified-id-block-type-checking -fvisibility-inlines-hidden-static-local-var -target-cpu penryn -tune-cpu generic -debugger-tuning=lldb -target-linker-version 711 -v -fcoverage-compilation-dir=/Users/xby/CLionProjects/RayTrace/cmake-build-debug/CMakeFiles/CMakeTmp -resource-dir /usr/local/Cellar/llvm/13.0.0_1/lib/clang/13.0.0 -isysroot /Applications/Xcode.app/Contents/Developer/Platforms/MacOSX.platform/Developer/SDKs/MacOSX12.0.sdk -stdlib=libc++ -internal-isystem /usr/local/bin/../include/c++/v1 -internal-isystem /Applications/Xcode.app/Contents/Developer/Platforms/MacOSX.platform/Developer/SDKs/MacOSX12.0.sdk/usr/local/include -internal-isystem /usr/local/Cellar/llvm/13.0.0_1/lib/clang/13.0.0/include -internal-externc-isystem /Applications/Xcode.app/Contents/Developer/Platforms/MacOSX.platform/Developer/SDKs/MacOSX12.0.sdk/usr/include -fdeprecated-macro -fdebug-compilation-dir=/Users/xby/CLionProjects/RayTrace/cmake-build-debug/CMakeFiles/CMakeTmp -ferror-limit 19 -stack-protector 1 -fblocks -fencode-extended-block-signature -fregister-global-dtors-with-atexit -fgnuc-version=4.2.1 -fcxx-exceptions -fexceptions -fmax-type-align=16 -D__GCC_HAVE_DWARF2_CFI_ASM=1 -o CMakeFiles/cmTC_65d6e.dir/CMakeCXXCompilerABI.cpp.o -x c++ /Applications/CLion.app/Contents/bin/cmake/mac/share/cmake-3.19/Modules/CMakeCXXCompilerABI.cpp]
  ignore line: [clang -cc1 version 13.0.0 based upon LLVM 13.0.0 default target x86_64-apple-darwin21.1.0]
  ignore line: [ignoring nonexistent directory "/Applications/Xcode.app/Contents/Developer/Platforms/MacOSX.platform/Developer/SDKs/MacOSX12.0.sdk/usr/local/include"]
  ignore line: [ignoring nonexistent directory "/Applications/Xcode.app/Contents/Developer/Platforms/MacOSX.platform/Developer/SDKs/MacOSX12.0.sdk/Library/Frameworks"]
  ignore line: [#include "..." search starts here:]
  ignore line: [#include <...> search starts here:]
  ignore line: [ /usr/local/bin/../include/c++/v1]
  ignore line: [ /usr/local/Cellar/llvm/13.0.0_1/lib/clang/13.0.0/include]
  ignore line: [ /Applications/Xcode.app/Contents/Developer/Platforms/MacOSX.platform/Developer/SDKs/MacOSX12.0.sdk/usr/include]
  ignore line: [ /Applications/Xcode.app/Contents/Developer/Platforms/MacOSX.platform/Developer/SDKs/MacOSX12.0.sdk/System/Library/Frameworks (framework directory)]
  ignore line: [End of search list.]
  ignore line: [Linking CXX executable cmTC_65d6e]
  ignore line: [/Applications/CLion.app/Contents/bin/cmake/mac/bin/cmake -E cmake_link_script CMakeFiles/cmTC_65d6e.dir/link.txt --verbose=1]
  ignore line: [/usr/local/bin/clang++  -isysroot /Applications/Xcode.app/Contents/Developer/Platforms/MacOSX.platform/Developer/SDKs/MacOSX12.0.sdk -Wl -search_paths_first -Wl -headerpad_max_install_names  -v -Wl -v CMakeFiles/cmTC_65d6e.dir/CMakeCXXCompilerABI.cpp.o -o cmTC_65d6e ]
  ignore line: [Homebrew clang version 13.0.0]
  ignore line: [Target: x86_64-apple-darwin21.1.0]
  ignore line: [Thread model: posix]
  ignore line: [InstalledDir: /usr/local/bin]
  link line: [ "/usr/bin/ld" -demangle -lto_library /usr/local/Cellar/llvm/13.0.0_1/lib/libLTO.dylib -dynamic -arch x86_64 -platform_version macos 12.0.0 12.0 -syslibroot /Library/Developer/CommandLineTools/SDKs/MacOSX12.sdk -o cmTC_65d6e -search_paths_first -headerpad_max_install_names -v CMakeFiles/cmTC_65d6e.dir/CMakeCXXCompilerABI.cpp.o -lc++ -lSystem /usr/local/Cellar/llvm/13.0.0_1/lib/clang/13.0.0/lib/darwin/libclang_rt.osx.a]
    arg [/usr/bin/ld] ==> ignore
    arg [-demangle] ==> ignore
    arg [-lto_library] ==> ignore, skip following value
    arg [/usr/local/Cellar/llvm/13.0.0_1/lib/libLTO.dylib] ==> skip value of -lto_library
    arg [-dynamic] ==> ignore
    arg [-arch] ==> ignore
    arg [x86_64] ==> ignore
    arg [-platform_version] ==> ignore
    arg [macos] ==> ignore
    arg [12.0.0] ==> ignore
    arg [12.0] ==> ignore
    arg [-syslibroot] ==> ignore
    arg [/Library/Developer/CommandLineTools/SDKs/MacOSX12.sdk] ==> ignore
    arg [-o] ==> ignore
    arg [cmTC_65d6e] ==> ignore
    arg [-search_paths_first] ==> ignore
    arg [-headerpad_max_install_names] ==> ignore
    arg [-v] ==> ignore
    arg [CMakeFiles/cmTC_65d6e.dir/CMakeCXXCompilerABI.cpp.o] ==> ignore
    arg [-lc++] ==> lib [c++]
    arg [-lSystem] ==> lib [System]
    arg [/usr/local/Cellar/llvm/13.0.0_1/lib/clang/13.0.0/lib/darwin/libclang_rt.osx.a] ==> lib [/usr/local/Cellar/llvm/13.0.0_1/lib/clang/13.0.0/lib/darwin/libclang_rt.osx.a]
  Library search paths: [;/Library/Developer/CommandLineTools/SDKs/MacOSX12.sdk/usr/lib]
  Framework search paths: [;/Library/Developer/CommandLineTools/SDKs/MacOSX12.sdk/System/Library/Frameworks/]
  remove lib [System]
  remove lib [/usr/local/Cellar/llvm/13.0.0_1/lib/clang/13.0.0/lib/darwin/libclang_rt.osx.a]
  collapse library dir [/Library/Developer/CommandLineTools/SDKs/MacOSX12.sdk/usr/lib] ==> [/Library/Developer/CommandLineTools/SDKs/MacOSX12.sdk/usr/lib]
  collapse framework dir [/Library/Developer/CommandLineTools/SDKs/MacOSX12.sdk/System/Library/Frameworks/] ==> [/Library/Developer/CommandLineTools/SDKs/MacOSX12.sdk/System/Library/Frameworks]
  implicit libs: [c++]
  implicit dirs: [/Library/Developer/CommandLineTools/SDKs/MacOSX12.sdk/usr/lib]
  implicit fwks: [/Library/Developer/CommandLineTools/SDKs/MacOSX12.sdk/System/Library/Frameworks]


Detecting C OpenMP compiler ABI info compiled with the following output:
Change Dir: /Users/xby/CLionProjects/RayTrace/cmake-build-debug/CMakeFiles/CMakeTmp

Run Build Command(s):/usr/bin/make cmTC_a8d79/fast && /Applications/Xcode.app/Contents/Developer/usr/bin/make  -f CMakeFiles/cmTC_a8d79.dir/build.make CMakeFiles/cmTC_a8d79.dir/build
Building C object CMakeFiles/cmTC_a8d79.dir/OpenMPTryFlag.c.o
/usr/local/bin/gcc-11   -fopenmp -v -isysroot /Applications/Xcode.app/Contents/Developer/Platforms/MacOSX.platform/Developer/SDKs/MacOSX12.0.sdk -o CMakeFiles/cmTC_a8d79.dir/OpenMPTryFlag.c.o -c /Users/xby/CLionProjects/RayTrace/cmake-build-debug/CMakeFiles/FindOpenMP/OpenMPTryFlag.c
Using built-in specs.
COLLECT_GCC=/usr/local/bin/gcc-11
Target: x86_64-apple-darwin21
Configured with: ../configure --prefix=/usr/local/Cellar/gcc/11.2.0_1 --libdir=/usr/local/Cellar/gcc/11.2.0_1/lib/gcc/11 --disable-nls --enable-checking=release --enable-languages=c,c++,objc,obj-c++,fortran,d --program-suffix=-11 --with-gmp=/usr/local/opt/gmp --with-mpfr=/usr/local/opt/mpfr --with-mpc=/usr/local/opt/libmpc --with-isl=/usr/local/opt/isl --with-zstd=/usr/local/opt/zstd --with-pkgversion='Homebrew GCC 11.2.0_1' --with-bugurl=https://github.com/Homebrew/homebrew-core/issues --enable-libphobos --build=x86_64-apple-darwin21 --with-system-zlib --disable-multilib --without-build-config --with-native-system-header-dir=/usr/include --with-sysroot=/Library/Developer/CommandLineTools/SDKs/MacOSX12.sdk
Thread model: posix
Supported LTO compression algorithms: zlib zstd
gcc version 11.2.0 (Homebrew GCC 11.2.0_1) 
COLLECT_GCC_OPTIONS='-fopenmp' '-v' '-isysroot' '/Applications/Xcode.app/Contents/Developer/Platforms/MacOSX.platform/Developer/SDKs/MacOSX12.0.sdk' '-o' 'CMakeFiles/cmTC_a8d79.dir/OpenMPTryFlag.c.o' '-c' '-mmacosx-version-min=12.0.0' '-asm_macosx_version_min=12.0' '-mtune=core2' '-dumpdir' 'CMakeFiles/cmTC_a8d79.dir/'
 /usr/local/Cellar/gcc/11.2.0_1/libexec/gcc/x86_64-apple-darwin21/11.2.0/cc1 -quiet -v -D__DYNAMIC__ -isysroot /Applications/Xcode.app/Contents/Developer/Platforms/MacOSX.platform/Developer/SDKs/MacOSX12.0.sdk /Users/xby/CLionProjects/RayTrace/cmake-build-debug/CMakeFiles/FindOpenMP/OpenMPTryFlag.c -fPIC -quiet -dumpdir CMakeFiles/cmTC_a8d79.dir/ -dumpbase OpenMPTryFlag.c.c -dumpbase-ext .c -mmacosx-version-min=12.0.0 -mtune=core2 -version -fopenmp -o /var/folders/jz/czfd75z142x8017cr_yjjv540000gn/T//cc2mYUNY.s
GNU C17 (Homebrew GCC 11.2.0_1) version 11.2.0 (x86_64-apple-darwin21)
	compiled by GNU C version 11.2.0, GMP version 6.2.1, MPFR version 4.1.0, MPC version 1.2.1, isl version isl-0.24-GMP

GGC heuristics: --param ggc-min-expand=100 --param ggc-min-heapsize=131072
ignoring nonexistent directory "/Applications/Xcode.app/Contents/Developer/Platforms/MacOSX.platform/Developer/SDKs/MacOSX12.0.sdk/usr/local/include"
ignoring nonexistent directory "/usr/local/Cellar/gcc/11.2.0_1/lib/gcc/11/gcc/x86_64-apple-darwin21/11.2.0/../../../../../../x86_64-apple-darwin21/include"
ignoring nonexistent directory "/Applications/Xcode.app/Contents/Developer/Platforms/MacOSX.platform/Developer/SDKs/MacOSX12.0.sdk/Library/Frameworks"
#include "..." search starts here:
#include <...> search starts here:
 /usr/local/Cellar/gcc/11.2.0_1/lib/gcc/11/gcc/x86_64-apple-darwin21/11.2.0/include
 /usr/local/Cellar/gcc/11.2.0_1/lib/gcc/11/gcc/x86_64-apple-darwin21/11.2.0/include-fixed
 /Applications/Xcode.app/Contents/Developer/Platforms/MacOSX.platform/Developer/SDKs/MacOSX12.0.sdk/usr/include
 /Applications/Xcode.app/Contents/Developer/Platforms/MacOSX.platform/Developer/SDKs/MacOSX12.0.sdk/System/Library/Frameworks
End of search list.
GNU C17 (Homebrew GCC 11.2.0_1) version 11.2.0 (x86_64-apple-darwin21)
	compiled by GNU C version 11.2.0, GMP version 6.2.1, MPFR version 4.1.0, MPC version 1.2.1, isl version isl-0.24-GMP

GGC heuristics: --param ggc-min-expand=100 --param ggc-min-heapsize=131072
Compiler executable checksum: 55f6dbc5a7ee55b93380a6765fa1ccbe
COLLECT_GCC_OPTIONS='-fopenmp' '-v' '-isysroot' '/Applications/Xcode.app/Contents/Developer/Platforms/MacOSX.platform/Developer/SDKs/MacOSX12.0.sdk' '-o' 'CMakeFiles/cmTC_a8d79.dir/OpenMPTryFlag.c.o' '-c' '-mmacosx-version-min=12.0.0'  '-mtune=core2' '-dumpdir' 'CMakeFiles/cmTC_a8d79.dir/'
 as -arch x86_64 -v -force_cpusubtype_ALL -mmacosx-version-min=12.0 -o CMakeFiles/cmTC_a8d79.dir/OpenMPTryFlag.c.o /var/folders/jz/czfd75z142x8017cr_yjjv540000gn/T//cc2mYUNY.s
Apple clang version 13.0.0 (clang-1300.0.29.3)
Target: x86_64-apple-darwin21.1.0
Thread model: posix
InstalledDir: /Applications/Xcode.app/Contents/Developer/Toolchains/XcodeDefault.xctoolchain/usr/bin
 "/Applications/Xcode.app/Contents/Developer/Toolchains/XcodeDefault.xctoolchain/usr/bin/clang" -cc1as -triple x86_64-apple-macosx12.0.0 -filetype obj -main-file-name cc2mYUNY.s -target-cpu penryn -fdebug-compilation-dir /Users/xby/CLionProjects/RayTrace/cmake-build-debug/CMakeFiles/CMakeTmp -dwarf-debug-producer "Apple clang version 13.0.0 (clang-1300.0.29.3)" -dwarf-version=4 -mrelocation-model pic --mrelax-relocations -mllvm -disable-aligned-alloc-awareness=1 -mllvm -enable-dse-memoryssa=0 -o CMakeFiles/cmTC_a8d79.dir/OpenMPTryFlag.c.o /var/folders/jz/czfd75z142x8017cr_yjjv540000gn/T//cc2mYUNY.s
COMPILER_PATH=/usr/local/Cellar/gcc/11.2.0_1/libexec/gcc/x86_64-apple-darwin21/11.2.0/:/usr/local/Cellar/gcc/11.2.0_1/libexec/gcc/x86_64-apple-darwin21/11.2.0/:/usr/local/Cellar/gcc/11.2.0_1/libexec/gcc/x86_64-apple-darwin21/:/usr/local/Cellar/gcc/11.2.0_1/lib/gcc/11/gcc/x86_64-apple-darwin21/11.2.0/:/usr/local/Cellar/gcc/11.2.0_1/lib/gcc/11/gcc/x86_64-apple-darwin21/
LIBRARY_PATH=/usr/local/Cellar/gcc/11.2.0_1/lib/gcc/11/gcc/x86_64-apple-darwin21/11.2.0/:/usr/local/Cellar/gcc/11.2.0_1/lib/gcc/11/gcc/x86_64-apple-darwin21/11.2.0/../../../
COLLECT_GCC_OPTIONS='-fopenmp' '-v' '-isysroot' '/Applications/Xcode.app/Contents/Developer/Platforms/MacOSX.platform/Developer/SDKs/MacOSX12.0.sdk' '-o' 'CMakeFiles/cmTC_a8d79.dir/OpenMPTryFlag.c.o' '-c' '-mmacosx-version-min=12.0.0'  '-mtune=core2' '-dumpdir' 'CMakeFiles/cmTC_a8d79.dir/OpenMPTryFlag.c.'
Linking C executable cmTC_a8d79
/Applications/CLion.app/Contents/bin/cmake/mac/bin/cmake -E cmake_link_script CMakeFiles/cmTC_a8d79.dir/link.txt --verbose=1
/usr/local/bin/gcc-11  -fopenmp -v -isysroot /Applications/Xcode.app/Contents/Developer/Platforms/MacOSX.platform/Developer/SDKs/MacOSX12.0.sdk -Wl,-search_paths_first -Wl,-headerpad_max_install_names CMakeFiles/cmTC_a8d79.dir/OpenMPTryFlag.c.o -o cmTC_a8d79  -v -Wl,-v 
Using built-in specs.
COLLECT_GCC=/usr/local/bin/gcc-11
COLLECT_LTO_WRAPPER=/usr/local/Cellar/gcc/11.2.0_1/libexec/gcc/x86_64-apple-darwin21/11.2.0/lto-wrapper
Target: x86_64-apple-darwin21
Configured with: ../configure --prefix=/usr/local/Cellar/gcc/11.2.0_1 --libdir=/usr/local/Cellar/gcc/11.2.0_1/lib/gcc/11 --disable-nls --enable-checking=release --enable-languages=c,c++,objc,obj-c++,fortran,d --program-suffix=-11 --with-gmp=/usr/local/opt/gmp --with-mpfr=/usr/local/opt/mpfr --with-mpc=/usr/local/opt/libmpc --with-isl=/usr/local/opt/isl --with-zstd=/usr/local/opt/zstd --with-pkgversion='Homebrew GCC 11.2.0_1' --with-bugurl=https://github.com/Homebrew/homebrew-core/issues --enable-libphobos --build=x86_64-apple-darwin21 --with-system-zlib --disable-multilib --without-build-config --with-native-system-header-dir=/usr/include --with-sysroot=/Library/Developer/CommandLineTools/SDKs/MacOSX12.sdk
Thread model: posix
Supported LTO compression algorithms: zlib zstd
gcc version 11.2.0 (Homebrew GCC 11.2.0_1) 
COMPILER_PATH=/usr/local/Cellar/gcc/11.2.0_1/libexec/gcc/x86_64-apple-darwin21/11.2.0/:/usr/local/Cellar/gcc/11.2.0_1/libexec/gcc/x86_64-apple-darwin21/11.2.0/:/usr/local/Cellar/gcc/11.2.0_1/libexec/gcc/x86_64-apple-darwin21/:/usr/local/Cellar/gcc/11.2.0_1/lib/gcc/11/gcc/x86_64-apple-darwin21/11.2.0/:/usr/local/Cellar/gcc/11.2.0_1/lib/gcc/11/gcc/x86_64-apple-darwin21/
LIBRARY_PATH=/usr/local/Cellar/gcc/11.2.0_1/lib/gcc/11/gcc/x86_64-apple-darwin21/11.2.0/:/usr/local/Cellar/gcc/11.2.0_1/lib/gcc/11/gcc/x86_64-apple-darwin21/11.2.0/../../../
COLLECT_GCC_OPTIONS='-fopenmp' '-v' '-isysroot' '/Applications/Xcode.app/Contents/Developer/Platforms/MacOSX.platform/Developer/SDKs/MacOSX12.0.sdk' '-o' 'cmTC_a8d79' '-v' '-mmacosx-version-min=12.0.0' '-asm_macosx_version_min=12.0' '-mtune=core2' '-dumpdir' 'cmTC_a8d79.'
 /usr/local/Cellar/gcc/11.2.0_1/libexec/gcc/x86_64-apple-darwin21/11.2.0/collect2 -dynamic -arch x86_64 -macosx_version_min 12.0.0 -syslibroot /Applications/Xcode.app/Contents/Developer/Platforms/MacOSX.platform/Developer/SDKs/MacOSX12.0.sdk -weak_reference_mismatches non-weak -o cmTC_a8d79 -L/usr/local/Cellar/gcc/11.2.0_1/lib/gcc/11/gcc/x86_64-apple-darwin21/11.2.0 -L/usr/local/Cellar/gcc/11.2.0_1/lib/gcc/11/gcc/x86_64-apple-darwin21/11.2.0/../../.. -search_paths_first -headerpad_max_install_names CMakeFiles/cmTC_a8d79.dir/OpenMPTryFlag.c.o -v -lgomp -lSystem -lgcc_ext.10.5 -lgcc -lSystem -no_compact_unwind -v -v
collect2 version 11.2.0
/usr/bin/ld -dynamic -arch x86_64 -macosx_version_min 12.0.0 -syslibroot /Applications/Xcode.app/Contents/Developer/Platforms/MacOSX.platform/Developer/SDKs/MacOSX12.0.sdk -weak_reference_mismatches non-weak -o cmTC_a8d79 -L/usr/local/Cellar/gcc/11.2.0_1/lib/gcc/11/gcc/x86_64-apple-darwin21/11.2.0 -L/usr/local/Cellar/gcc/11.2.0_1/lib/gcc/11/gcc/x86_64-apple-darwin21/11.2.0/../../.. -search_paths_first -headerpad_max_install_names CMakeFiles/cmTC_a8d79.dir/OpenMPTryFlag.c.o -v -lgomp -lSystem -lgcc_ext.10.5 -lgcc -lSystem -no_compact_unwind -v -v
@(#)PROGRAM:ld  PROJECT:ld64-711
BUILD 18:11:15 Aug  3 2021
configured to support archs: armv6 armv7 armv7s arm64 arm64e arm64_32 i386 x86_64 x86_64h armv6m armv7k armv7m armv7em
@(#)PROGRAM:ld  PROJECT:ld64-711
BUILD 18:11:15 Aug  3 2021
configured to support archs: armv6 armv7 armv7s arm64 arm64e arm64_32 i386 x86_64 x86_64h armv6m armv7k armv7m armv7em
@(#)PROGRAM:ld  PROJECT:ld64-711
BUILD 18:11:15 Aug  3 2021
configured to support archs: armv6 armv7 armv7s arm64 arm64e arm64_32 i386 x86_64 x86_64h armv6m armv7k armv7m armv7em
Library search paths:
	/usr/local/Cellar/gcc/11.2.0_1/lib/gcc/11/gcc/x86_64-apple-darwin21/11.2.0
	/usr/local/Cellar/gcc/11.2.0_1/lib/gcc/11
	/Applications/Xcode.app/Contents/Developer/Platforms/MacOSX.platform/Developer/SDKs/MacOSX12.0.sdk/usr/lib
Framework search paths:
	/Applications/Xcode.app/Contents/Developer/Platforms/MacOSX.platform/Developer/SDKs/MacOSX12.0.sdk/System/Library/Frameworks/



Parsed C OpenMP implicit link information from above output:
  link line regex: [^( *|.*[/\])(ld|CMAKE_LINK_STARTFILE-NOTFOUND|([^/\]+-)?ld|collect2)[^/\]*( |$)]
  ignore line: [Change Dir: /Users/xby/CLionProjects/RayTrace/cmake-build-debug/CMakeFiles/CMakeTmp]
  ignore line: []
  ignore line: [Run Build Command(s):/usr/bin/make cmTC_a8d79/fast && /Applications/Xcode.app/Contents/Developer/usr/bin/make  -f CMakeFiles/cmTC_a8d79.dir/build.make CMakeFiles/cmTC_a8d79.dir/build]
  ignore line: [Building C object CMakeFiles/cmTC_a8d79.dir/OpenMPTryFlag.c.o]
  ignore line: [/usr/local/bin/gcc-11   -fopenmp -v -isysroot /Applications/Xcode.app/Contents/Developer/Platforms/MacOSX.platform/Developer/SDKs/MacOSX12.0.sdk -o CMakeFiles/cmTC_a8d79.dir/OpenMPTryFlag.c.o -c /Users/xby/CLionProjects/RayTrace/cmake-build-debug/CMakeFiles/FindOpenMP/OpenMPTryFlag.c]
  ignore line: [Using built-in specs.]
  ignore line: [COLLECT_GCC=/usr/local/bin/gcc-11]
  ignore line: [Target: x86_64-apple-darwin21]
  ignore line: [Configured with: ../configure --prefix=/usr/local/Cellar/gcc/11.2.0_1 --libdir=/usr/local/Cellar/gcc/11.2.0_1/lib/gcc/11 --disable-nls --enable-checking=release --enable-languages=c c++ objc obj-c++ fortran d --program-suffix=-11 --with-gmp=/usr/local/opt/gmp --with-mpfr=/usr/local/opt/mpfr --with-mpc=/usr/local/opt/libmpc --with-isl=/usr/local/opt/isl --with-zstd=/usr/local/opt/zstd --with-pkgversion='Homebrew GCC 11.2.0_1' --with-bugurl=https://github.com/Homebrew/homebrew-core/issues --enable-libphobos --build=x86_64-apple-darwin21 --with-system-zlib --disable-multilib --without-build-config --with-native-system-header-dir=/usr/include --with-sysroot=/Library/Developer/CommandLineTools/SDKs/MacOSX12.sdk]
  ignore line: [Thread model: posix]
  ignore line: [Supported LTO compression algorithms: zlib zstd]
  ignore line: [gcc version 11.2.0 (Homebrew GCC 11.2.0_1) ]
  ignore line: [COLLECT_GCC_OPTIONS='-fopenmp' '-v' '-isysroot' '/Applications/Xcode.app/Contents/Developer/Platforms/MacOSX.platform/Developer/SDKs/MacOSX12.0.sdk' '-o' 'CMakeFiles/cmTC_a8d79.dir/OpenMPTryFlag.c.o' '-c' '-mmacosx-version-min=12.0.0' '-asm_macosx_version_min=12.0' '-mtune=core2' '-dumpdir' 'CMakeFiles/cmTC_a8d79.dir/']
  ignore line: [ /usr/local/Cellar/gcc/11.2.0_1/libexec/gcc/x86_64-apple-darwin21/11.2.0/cc1 -quiet -v -D__DYNAMIC__ -isysroot /Applications/Xcode.app/Contents/Developer/Platforms/MacOSX.platform/Developer/SDKs/MacOSX12.0.sdk /Users/xby/CLionProjects/RayTrace/cmake-build-debug/CMakeFiles/FindOpenMP/OpenMPTryFlag.c -fPIC -quiet -dumpdir CMakeFiles/cmTC_a8d79.dir/ -dumpbase OpenMPTryFlag.c.c -dumpbase-ext .c -mmacosx-version-min=12.0.0 -mtune=core2 -version -fopenmp -o /var/folders/jz/czfd75z142x8017cr_yjjv540000gn/T//cc2mYUNY.s]
  ignore line: [GNU C17 (Homebrew GCC 11.2.0_1) version 11.2.0 (x86_64-apple-darwin21)]
  ignore line: [	compiled by GNU C version 11.2.0  GMP version 6.2.1  MPFR version 4.1.0  MPC version 1.2.1  isl version isl-0.24-GMP]
  ignore line: []
  ignore line: [GGC heuristics: --param ggc-min-expand=100 --param ggc-min-heapsize=131072]
  ignore line: [ignoring nonexistent directory "/Applications/Xcode.app/Contents/Developer/Platforms/MacOSX.platform/Developer/SDKs/MacOSX12.0.sdk/usr/local/include"]
  ignore line: [ignoring nonexistent directory "/usr/local/Cellar/gcc/11.2.0_1/lib/gcc/11/gcc/x86_64-apple-darwin21/11.2.0/../../../../../../x86_64-apple-darwin21/include"]
  ignore line: [ignoring nonexistent directory "/Applications/Xcode.app/Contents/Developer/Platforms/MacOSX.platform/Developer/SDKs/MacOSX12.0.sdk/Library/Frameworks"]
  ignore line: [#include "..." search starts here:]
  ignore line: [#include <...> search starts here:]
  ignore line: [ /usr/local/Cellar/gcc/11.2.0_1/lib/gcc/11/gcc/x86_64-apple-darwin21/11.2.0/include]
  ignore line: [ /usr/local/Cellar/gcc/11.2.0_1/lib/gcc/11/gcc/x86_64-apple-darwin21/11.2.0/include-fixed]
  ignore line: [ /Applications/Xcode.app/Contents/Developer/Platforms/MacOSX.platform/Developer/SDKs/MacOSX12.0.sdk/usr/include]
  ignore line: [ /Applications/Xcode.app/Contents/Developer/Platforms/MacOSX.platform/Developer/SDKs/MacOSX12.0.sdk/System/Library/Frameworks]
  ignore line: [End of search list.]
  ignore line: [GNU C17 (Homebrew GCC 11.2.0_1) version 11.2.0 (x86_64-apple-darwin21)]
  ignore line: [	compiled by GNU C version 11.2.0  GMP version 6.2.1  MPFR version 4.1.0  MPC version 1.2.1  isl version isl-0.24-GMP]
  ignore line: []
  ignore line: [GGC heuristics: --param ggc-min-expand=100 --param ggc-min-heapsize=131072]
  ignore line: [Compiler executable checksum: 55f6dbc5a7ee55b93380a6765fa1ccbe]
  ignore line: [COLLECT_GCC_OPTIONS='-fopenmp' '-v' '-isysroot' '/Applications/Xcode.app/Contents/Developer/Platforms/MacOSX.platform/Developer/SDKs/MacOSX12.0.sdk' '-o' 'CMakeFiles/cmTC_a8d79.dir/OpenMPTryFlag.c.o' '-c' '-mmacosx-version-min=12.0.0'  '-mtune=core2' '-dumpdir' 'CMakeFiles/cmTC_a8d79.dir/']
  ignore line: [ as -arch x86_64 -v -force_cpusubtype_ALL -mmacosx-version-min=12.0 -o CMakeFiles/cmTC_a8d79.dir/OpenMPTryFlag.c.o /var/folders/jz/czfd75z142x8017cr_yjjv540000gn/T//cc2mYUNY.s]
  ignore line: [Apple clang version 13.0.0 (clang-1300.0.29.3)]
  ignore line: [Target: x86_64-apple-darwin21.1.0]
  ignore line: [Thread model: posix]
  ignore line: [InstalledDir: /Applications/Xcode.app/Contents/Developer/Toolchains/XcodeDefault.xctoolchain/usr/bin]
  ignore line: [ "/Applications/Xcode.app/Contents/Developer/Toolchains/XcodeDefault.xctoolchain/usr/bin/clang" -cc1as -triple x86_64-apple-macosx12.0.0 -filetype obj -main-file-name cc2mYUNY.s -target-cpu penryn -fdebug-compilation-dir /Users/xby/CLionProjects/RayTrace/cmake-build-debug/CMakeFiles/CMakeTmp -dwarf-debug-producer "Apple clang version 13.0.0 (clang-1300.0.29.3)" -dwarf-version=4 -mrelocation-model pic --mrelax-relocations -mllvm -disable-aligned-alloc-awareness=1 -mllvm -enable-dse-memoryssa=0 -o CMakeFiles/cmTC_a8d79.dir/OpenMPTryFlag.c.o /var/folders/jz/czfd75z142x8017cr_yjjv540000gn/T//cc2mYUNY.s]
  ignore line: [COMPILER_PATH=/usr/local/Cellar/gcc/11.2.0_1/libexec/gcc/x86_64-apple-darwin21/11.2.0/:/usr/local/Cellar/gcc/11.2.0_1/libexec/gcc/x86_64-apple-darwin21/11.2.0/:/usr/local/Cellar/gcc/11.2.0_1/libexec/gcc/x86_64-apple-darwin21/:/usr/local/Cellar/gcc/11.2.0_1/lib/gcc/11/gcc/x86_64-apple-darwin21/11.2.0/:/usr/local/Cellar/gcc/11.2.0_1/lib/gcc/11/gcc/x86_64-apple-darwin21/]
  ignore line: [LIBRARY_PATH=/usr/local/Cellar/gcc/11.2.0_1/lib/gcc/11/gcc/x86_64-apple-darwin21/11.2.0/:/usr/local/Cellar/gcc/11.2.0_1/lib/gcc/11/gcc/x86_64-apple-darwin21/11.2.0/../../../]
  ignore line: [COLLECT_GCC_OPTIONS='-fopenmp' '-v' '-isysroot' '/Applications/Xcode.app/Contents/Developer/Platforms/MacOSX.platform/Developer/SDKs/MacOSX12.0.sdk' '-o' 'CMakeFiles/cmTC_a8d79.dir/OpenMPTryFlag.c.o' '-c' '-mmacosx-version-min=12.0.0'  '-mtune=core2' '-dumpdir' 'CMakeFiles/cmTC_a8d79.dir/OpenMPTryFlag.c.']
  ignore line: [Linking C executable cmTC_a8d79]
  ignore line: [/Applications/CLion.app/Contents/bin/cmake/mac/bin/cmake -E cmake_link_script CMakeFiles/cmTC_a8d79.dir/link.txt --verbose=1]
  ignore line: [/usr/local/bin/gcc-11  -fopenmp -v -isysroot /Applications/Xcode.app/Contents/Developer/Platforms/MacOSX.platform/Developer/SDKs/MacOSX12.0.sdk -Wl -search_paths_first -Wl -headerpad_max_install_names CMakeFiles/cmTC_a8d79.dir/OpenMPTryFlag.c.o -o cmTC_a8d79  -v -Wl -v ]
  ignore line: [Using built-in specs.]
  ignore line: [COLLECT_GCC=/usr/local/bin/gcc-11]
  ignore line: [COLLECT_LTO_WRAPPER=/usr/local/Cellar/gcc/11.2.0_1/libexec/gcc/x86_64-apple-darwin21/11.2.0/lto-wrapper]
  ignore line: [Target: x86_64-apple-darwin21]
  ignore line: [Configured with: ../configure --prefix=/usr/local/Cellar/gcc/11.2.0_1 --libdir=/usr/local/Cellar/gcc/11.2.0_1/lib/gcc/11 --disable-nls --enable-checking=release --enable-languages=c c++ objc obj-c++ fortran d --program-suffix=-11 --with-gmp=/usr/local/opt/gmp --with-mpfr=/usr/local/opt/mpfr --with-mpc=/usr/local/opt/libmpc --with-isl=/usr/local/opt/isl --with-zstd=/usr/local/opt/zstd --with-pkgversion='Homebrew GCC 11.2.0_1' --with-bugurl=https://github.com/Homebrew/homebrew-core/issues --enable-libphobos --build=x86_64-apple-darwin21 --with-system-zlib --disable-multilib --without-build-config --with-native-system-header-dir=/usr/include --with-sysroot=/Library/Developer/CommandLineTools/SDKs/MacOSX12.sdk]
  ignore line: [Thread model: posix]
  ignore line: [Supported LTO compression algorithms: zlib zstd]
  ignore line: [gcc version 11.2.0 (Homebrew GCC 11.2.0_1) ]
  ignore line: [COMPILER_PATH=/usr/local/Cellar/gcc/11.2.0_1/libexec/gcc/x86_64-apple-darwin21/11.2.0/:/usr/local/Cellar/gcc/11.2.0_1/libexec/gcc/x86_64-apple-darwin21/11.2.0/:/usr/local/Cellar/gcc/11.2.0_1/libexec/gcc/x86_64-apple-darwin21/:/usr/local/Cellar/gcc/11.2.0_1/lib/gcc/11/gcc/x86_64-apple-darwin21/11.2.0/:/usr/local/Cellar/gcc/11.2.0_1/lib/gcc/11/gcc/x86_64-apple-darwin21/]
  ignore line: [LIBRARY_PATH=/usr/local/Cellar/gcc/11.2.0_1/lib/gcc/11/gcc/x86_64-apple-darwin21/11.2.0/:/usr/local/Cellar/gcc/11.2.0_1/lib/gcc/11/gcc/x86_64-apple-darwin21/11.2.0/../../../]
  ignore line: [COLLECT_GCC_OPTIONS='-fopenmp' '-v' '-isysroot' '/Applications/Xcode.app/Contents/Developer/Platforms/MacOSX.platform/Developer/SDKs/MacOSX12.0.sdk' '-o' 'cmTC_a8d79' '-v' '-mmacosx-version-min=12.0.0' '-asm_macosx_version_min=12.0' '-mtune=core2' '-dumpdir' 'cmTC_a8d79.']
  link line: [ /usr/local/Cellar/gcc/11.2.0_1/libexec/gcc/x86_64-apple-darwin21/11.2.0/collect2 -dynamic -arch x86_64 -macosx_version_min 12.0.0 -syslibroot /Applications/Xcode.app/Contents/Developer/Platforms/MacOSX.platform/Developer/SDKs/MacOSX12.0.sdk -weak_reference_mismatches non-weak -o cmTC_a8d79 -L/usr/local/Cellar/gcc/11.2.0_1/lib/gcc/11/gcc/x86_64-apple-darwin21/11.2.0 -L/usr/local/Cellar/gcc/11.2.0_1/lib/gcc/11/gcc/x86_64-apple-darwin21/11.2.0/../../.. -search_paths_first -headerpad_max_install_names CMakeFiles/cmTC_a8d79.dir/OpenMPTryFlag.c.o -v -lgomp -lSystem -lgcc_ext.10.5 -lgcc -lSystem -no_compact_unwind -v -v]
    arg [/usr/local/Cellar/gcc/11.2.0_1/libexec/gcc/x86_64-apple-darwin21/11.2.0/collect2] ==> ignore
    arg [-dynamic] ==> ignore
    arg [-arch] ==> ignore
    arg [x86_64] ==> ignore
    arg [-macosx_version_min] ==> ignore
    arg [12.0.0] ==> ignore
    arg [-syslibroot] ==> ignore
    arg [/Applications/Xcode.app/Contents/Developer/Platforms/MacOSX.platform/Developer/SDKs/MacOSX12.0.sdk] ==> ignore
    arg [-weak_reference_mismatches] ==> ignore
    arg [non-weak] ==> ignore
    arg [-o] ==> ignore
    arg [cmTC_a8d79] ==> ignore
    arg [-L/usr/local/Cellar/gcc/11.2.0_1/lib/gcc/11/gcc/x86_64-apple-darwin21/11.2.0] ==> dir [/usr/local/Cellar/gcc/11.2.0_1/lib/gcc/11/gcc/x86_64-apple-darwin21/11.2.0]
    arg [-L/usr/local/Cellar/gcc/11.2.0_1/lib/gcc/11/gcc/x86_64-apple-darwin21/11.2.0/../../..] ==> dir [/usr/local/Cellar/gcc/11.2.0_1/lib/gcc/11/gcc/x86_64-apple-darwin21/11.2.0/../../..]
    arg [-search_paths_first] ==> ignore
    arg [-headerpad_max_install_names] ==> ignore
    arg [CMakeFiles/cmTC_a8d79.dir/OpenMPTryFlag.c.o] ==> ignore
    arg [-v] ==> ignore
    arg [-lgomp] ==> lib [gomp]
    arg [-lSystem] ==> lib [System]
    arg [-lgcc_ext.10.5] ==> lib [gcc_ext.10.5]
    arg [-lgcc] ==> lib [gcc]
    arg [-lSystem] ==> lib [System]
    arg [-no_compact_unwind] ==> ignore
    arg [-v] ==> ignore
    arg [-v] ==> ignore
  Library search paths: [;/usr/local/Cellar/gcc/11.2.0_1/lib/gcc/11/gcc/x86_64-apple-darwin21/11.2.0;/usr/local/Cellar/gcc/11.2.0_1/lib/gcc/11;/Applications/Xcode.app/Contents/Developer/Platforms/MacOSX.platform/Developer/SDKs/MacOSX12.0.sdk/usr/lib]
  Framework search paths: [;/Applications/Xcode.app/Contents/Developer/Platforms/MacOSX.platform/Developer/SDKs/MacOSX12.0.sdk/System/Library/Frameworks/]
  remove lib [System]
  remove lib [System]
  collapse library dir [/usr/local/Cellar/gcc/11.2.0_1/lib/gcc/11/gcc/x86_64-apple-darwin21/11.2.0] ==> [/usr/local/Cellar/gcc/11.2.0_1/lib/gcc/11/gcc/x86_64-apple-darwin21/11.2.0]
  collapse library dir [/usr/local/Cellar/gcc/11.2.0_1/lib/gcc/11/gcc/x86_64-apple-darwin21/11.2.0/../../..] ==> [/usr/local/Cellar/gcc/11.2.0_1/lib/gcc/11]
  collapse library dir [/usr/local/Cellar/gcc/11.2.0_1/lib/gcc/11/gcc/x86_64-apple-darwin21/11.2.0] ==> [/usr/local/Cellar/gcc/11.2.0_1/lib/gcc/11/gcc/x86_64-apple-darwin21/11.2.0]
  collapse library dir [/usr/local/Cellar/gcc/11.2.0_1/lib/gcc/11] ==> [/usr/local/Cellar/gcc/11.2.0_1/lib/gcc/11]
  collapse library dir [/Applications/Xcode.app/Contents/Developer/Platforms/MacOSX.platform/Developer/SDKs/MacOSX12.0.sdk/usr/lib] ==> [/Applications/Xcode.app/Contents/Developer/Platforms/MacOSX.platform/Developer/SDKs/MacOSX12.0.sdk/usr/lib]
  collapse framework dir [/Applications/Xcode.app/Contents/Developer/Platforms/MacOSX.platform/Developer/SDKs/MacOSX12.0.sdk/System/Library/Frameworks/] ==> [/Applications/Xcode.app/Contents/Developer/Platforms/MacOSX.platform/Developer/SDKs/MacOSX12.0.sdk/System/Library/Frameworks]
  implicit libs: [gomp;gcc_ext.10.5;gcc]
  implicit dirs: [/usr/local/Cellar/gcc/11.2.0_1/lib/gcc/11/gcc/x86_64-apple-darwin21/11.2.0;/usr/local/Cellar/gcc/11.2.0_1/lib/gcc/11;/Applications/Xcode.app/Contents/Developer/Platforms/MacOSX.platform/Developer/SDKs/MacOSX12.0.sdk/usr/lib]
  implicit fwks: [/Applications/Xcode.app/Contents/Developer/Platforms/MacOSX.platform/Developer/SDKs/MacOSX12.0.sdk/System/Library/Frameworks]


