Compiling the C compiler identification source file "CMakeCCompilerId.c" failed.
Compiler: /Applications/Xcode.app/Contents/Developer/Toolchains/XcodeDefault.xctoolchain/usr/bin/cc 
Build flags: 
Id flags:  

The output was:
1
ld: warning: directory not found for option '-L/usr/local/Cellar/gsl/1.16/lib/'
ld: library not found for -lSystem
clang: error: linker command failed with exit code 1 (use -v to see invocation)


Compiling the CXX compiler identification source file "CMakeCXXCompilerId.cpp" failed.
Compiler: /Applications/Xcode.app/Contents/Developer/Toolchains/XcodeDefault.xctoolchain/usr/bin/c++ 
Build flags: 
Id flags:  

The output was:
1
ld: warning: directory not found for option '-L/usr/local/Cellar/gsl/1.16/lib/'
ld: library not found for -lc++
clang: error: linker command failed with exit code 1 (use -v to see invocation)


Detecting C OpenMP version failed with the following output:
Change Dir: /Users/xby/CLionProjects/RayTrace/cmake-build-debug/CMakeFiles/CMakeTmp

Run Build Command(s):/usr/bin/make cmTC_e1ff8/fast && /Applications/Xcode.app/Contents/Developer/usr/bin/make  -f CMakeFiles/cmTC_e1ff8.dir/build.make CMakeFiles/cmTC_e1ff8.dir/build
Building C object CMakeFiles/cmTC_e1ff8.dir/OpenMPCheckVersion.c.o
/Applications/Xcode.app/Contents/Developer/Toolchains/XcodeDefault.xctoolchain/usr/bin/cc   -Xpreprocessor -fopenmp -lomp -Wno-unused-command-line-argument -isysroot /Applications/Xcode.app/Contents/Developer/Platforms/MacOSX.platform/Developer/SDKs/MacOSX12.0.sdk -o CMakeFiles/cmTC_e1ff8.dir/OpenMPCheckVersion.c.o -c /Users/xby/CLionProjects/RayTrace/cmake-build-debug/CMakeFiles/FindOpenMP/OpenMPCheckVersion.c
/Users/xby/CLionProjects/RayTrace/cmake-build-debug/CMakeFiles/FindOpenMP/OpenMPCheckVersion.c:3:10: fatal error: 'omp.h' file not found
#include <omp.h>
         ^~~~~~~
1 error generated.
make[1]: *** [CMakeFiles/cmTC_e1ff8.dir/OpenMPCheckVersion.c.o] Error 1
make: *** [cmTC_e1ff8/fast] Error 2



Compiling the C compiler identification source file "CMakeCCompilerId.c" failed.
Compiler: /Applications/Xcode.app/Contents/Developer/Toolchains/XcodeDefault.xctoolchain/usr/bin/cc 
Build flags: 
Id flags:  

The output was:
1
ld: warning: directory not found for option '-L/usr/local/Cellar/gsl/1.16/lib/'
ld: library not found for -lSystem
clang: error: linker command failed with exit code 1 (use -v to see invocation)


Compiling the CXX compiler identification source file "CMakeCXXCompilerId.cpp" failed.
Compiler: /Applications/Xcode.app/Contents/Developer/Toolchains/XcodeDefault.xctoolchain/usr/bin/c++ 
Build flags: 
Id flags:  

The output was:
1
ld: warning: directory not found for option '-L/usr/local/Cellar/gsl/1.16/lib/'
ld: library not found for -lc++
clang: error: linker command failed with exit code 1 (use -v to see invocation)


Detecting C OpenMP version failed with the following output:
Change Dir: /Users/xby/CLionProjects/RayTrace/cmake-build-debug/CMakeFiles/CMakeTmp

Run Build Command(s):/usr/bin/make cmTC_8aac8/fast && /Applications/Xcode.app/Contents/Developer/usr/bin/make  -f CMakeFiles/cmTC_8aac8.dir/build.make CMakeFiles/cmTC_8aac8.dir/build
Building C object CMakeFiles/cmTC_8aac8.dir/OpenMPCheckVersion.c.o
/Applications/Xcode.app/Contents/Developer/Toolchains/XcodeDefault.xctoolchain/usr/bin/cc   -Xpreprocessor -fopenmp -lomp -Wno-unused-command-line-argument -isysroot /Applications/Xcode.app/Contents/Developer/Platforms/MacOSX.platform/Developer/SDKs/MacOSX12.0.sdk -o CMakeFiles/cmTC_8aac8.dir/OpenMPCheckVersion.c.o -c /Users/xby/CLionProjects/RayTrace/cmake-build-debug/CMakeFiles/FindOpenMP/OpenMPCheckVersion.c
/Users/xby/CLionProjects/RayTrace/cmake-build-debug/CMakeFiles/FindOpenMP/OpenMPCheckVersion.c:3:10: fatal error: 'omp.h' file not found
#include <omp.h>
         ^~~~~~~
1 error generated.
make[1]: *** [CMakeFiles/cmTC_8aac8.dir/OpenMPCheckVersion.c.o] Error 1
make: *** [cmTC_8aac8/fast] Error 2



Detecting CXX OpenMP version failed with the following output:
Change Dir: /Users/xby/CLionProjects/RayTrace/cmake-build-debug/CMakeFiles/CMakeTmp

Run Build Command(s):/usr/bin/make cmTC_4e1dc/fast && /Applications/Xcode.app/Contents/Developer/usr/bin/make  -f CMakeFiles/cmTC_4e1dc.dir/build.make CMakeFiles/cmTC_4e1dc.dir/build
Building CXX object CMakeFiles/cmTC_4e1dc.dir/OpenMPCheckVersion.cpp.o
/Applications/Xcode.app/Contents/Developer/Toolchains/XcodeDefault.xctoolchain/usr/bin/c++   -Xpreprocessor -fopenmp -lomp -Wno-unused-command-line-argument -isysroot /Applications/Xcode.app/Contents/Developer/Platforms/MacOSX.platform/Developer/SDKs/MacOSX12.0.sdk -std=gnu++2a -o CMakeFiles/cmTC_4e1dc.dir/OpenMPCheckVersion.cpp.o -c /Users/xby/CLionProjects/RayTrace/cmake-build-debug/CMakeFiles/FindOpenMP/OpenMPCheckVersion.cpp
/Users/xby/CLionProjects/RayTrace/cmake-build-debug/CMakeFiles/FindOpenMP/OpenMPCheckVersion.cpp:3:10: fatal error: 'omp.h' file not found
#include <omp.h>
         ^~~~~~~
1 error generated.
make[1]: *** [CMakeFiles/cmTC_4e1dc.dir/OpenMPCheckVersion.cpp.o] Error 1
make: *** [cmTC_4e1dc/fast] Error 2



Detecting C OpenMP version failed with the following output:
Change Dir: /Users/xby/CLionProjects/RayTrace/cmake-build-debug/CMakeFiles/CMakeTmp

Run Build Command(s):/usr/bin/make cmTC_c9667/fast && /Applications/Xcode.app/Contents/Developer/usr/bin/make  -f CMakeFiles/cmTC_c9667.dir/build.make CMakeFiles/cmTC_c9667.dir/build
Building C object CMakeFiles/cmTC_c9667.dir/OpenMPCheckVersion.c.o
/Applications/Xcode.app/Contents/Developer/Toolchains/XcodeDefault.xctoolchain/usr/bin/cc   -Xpreprocessor -fopenmp -lomp -Wno-unused-command-line-argument -isysroot /Applications/Xcode.app/Contents/Developer/Platforms/MacOSX.platform/Developer/SDKs/MacOSX12.0.sdk -o CMakeFiles/cmTC_c9667.dir/OpenMPCheckVersion.c.o -c /Users/xby/CLionProjects/RayTrace/cmake-build-debug/CMakeFiles/FindOpenMP/OpenMPCheckVersion.c
/Users/xby/CLionProjects/RayTrace/cmake-build-debug/CMakeFiles/FindOpenMP/OpenMPCheckVersion.c:3:10: fatal error: 'omp.h' file not found
#include <omp.h>
         ^~~~~~~
1 error generated.
make[1]: *** [CMakeFiles/cmTC_c9667.dir/OpenMPCheckVersion.c.o] Error 1
make: *** [cmTC_c9667/fast] Error 2



Detecting CXX OpenMP version failed with the following output:
Change Dir: /Users/xby/CLionProjects/RayTrace/cmake-build-debug/CMakeFiles/CMakeTmp

Run Build Command(s):/usr/bin/make cmTC_b103f/fast && /Applications/Xcode.app/Contents/Developer/usr/bin/make  -f CMakeFiles/cmTC_b103f.dir/build.make CMakeFiles/cmTC_b103f.dir/build
Building CXX object CMakeFiles/cmTC_b103f.dir/OpenMPCheckVersion.cpp.o
/Applications/Xcode.app/Contents/Developer/Toolchains/XcodeDefault.xctoolchain/usr/bin/c++   -Xpreprocessor -fopenmp -lomp -Wno-unused-command-line-argument -isysroot /Applications/Xcode.app/Contents/Developer/Platforms/MacOSX.platform/Developer/SDKs/MacOSX12.0.sdk -std=gnu++2a -o CMakeFiles/cmTC_b103f.dir/OpenMPCheckVersion.cpp.o -c /Users/xby/CLionProjects/RayTrace/cmake-build-debug/CMakeFiles/FindOpenMP/OpenMPCheckVersion.cpp
/Users/xby/CLionProjects/RayTrace/cmake-build-debug/CMakeFiles/FindOpenMP/OpenMPCheckVersion.cpp:3:10: fatal error: 'omp.h' file not found
#include <omp.h>
         ^~~~~~~
1 error generated.
make[1]: *** [CMakeFiles/cmTC_b103f.dir/OpenMPCheckVersion.cpp.o] Error 1
make: *** [cmTC_b103f/fast] Error 2



Detecting C OpenMP version failed with the following output:
Change Dir: /Users/xby/CLionProjects/RayTrace/cmake-build-debug/CMakeFiles/CMakeTmp

Run Build Command(s):/usr/bin/make cmTC_bc70c/fast && /Applications/Xcode.app/Contents/Developer/usr/bin/make  -f CMakeFiles/cmTC_bc70c.dir/build.make CMakeFiles/cmTC_bc70c.dir/build
Building C object CMakeFiles/cmTC_bc70c.dir/OpenMPCheckVersion.c.o
/Applications/Xcode.app/Contents/Developer/Toolchains/XcodeDefault.xctoolchain/usr/bin/cc   -Xpreprocessor -fopenmp -lomp -Wno-unused-command-line-argument -isysroot /Applications/Xcode.app/Contents/Developer/Platforms/MacOSX.platform/Developer/SDKs/MacOSX12.0.sdk -o CMakeFiles/cmTC_bc70c.dir/OpenMPCheckVersion.c.o -c /Users/xby/CLionProjects/RayTrace/cmake-build-debug/CMakeFiles/FindOpenMP/OpenMPCheckVersion.c
/Users/xby/CLionProjects/RayTrace/cmake-build-debug/CMakeFiles/FindOpenMP/OpenMPCheckVersion.c:3:10: fatal error: 'omp.h' file not found
#include <omp.h>
         ^~~~~~~
1 error generated.
make[1]: *** [CMakeFiles/cmTC_bc70c.dir/OpenMPCheckVersion.c.o] Error 1
make: *** [cmTC_bc70c/fast] Error 2



Detecting CXX OpenMP version failed with the following output:
Change Dir: /Users/xby/CLionProjects/RayTrace/cmake-build-debug/CMakeFiles/CMakeTmp

Run Build Command(s):/usr/bin/make cmTC_a3b71/fast && /Applications/Xcode.app/Contents/Developer/usr/bin/make  -f CMakeFiles/cmTC_a3b71.dir/build.make CMakeFiles/cmTC_a3b71.dir/build
Building CXX object CMakeFiles/cmTC_a3b71.dir/OpenMPCheckVersion.cpp.o
/Applications/Xcode.app/Contents/Developer/Toolchains/XcodeDefault.xctoolchain/usr/bin/c++   -Xpreprocessor -fopenmp -lomp -Wno-unused-command-line-argument -isysroot /Applications/Xcode.app/Contents/Developer/Platforms/MacOSX.platform/Developer/SDKs/MacOSX12.0.sdk -std=gnu++2a -o CMakeFiles/cmTC_a3b71.dir/OpenMPCheckVersion.cpp.o -c /Users/xby/CLionProjects/RayTrace/cmake-build-debug/CMakeFiles/FindOpenMP/OpenMPCheckVersion.cpp
/Users/xby/CLionProjects/RayTrace/cmake-build-debug/CMakeFiles/FindOpenMP/OpenMPCheckVersion.cpp:3:10: fatal error: 'omp.h' file not found
#include <omp.h>
         ^~~~~~~
1 error generated.
make[1]: *** [CMakeFiles/cmTC_a3b71.dir/OpenMPCheckVersion.cpp.o] Error 1
make: *** [cmTC_a3b71/fast] Error 2



Detecting C OpenMP version failed with the following output:
Change Dir: /Users/xby/CLionProjects/RayTrace/cmake-build-debug/CMakeFiles/CMakeTmp

Run Build Command(s):/usr/bin/make cmTC_9cc1e/fast && /Applications/Xcode.app/Contents/Developer/usr/bin/make  -f CMakeFiles/cmTC_9cc1e.dir/build.make CMakeFiles/cmTC_9cc1e.dir/build
Building C object CMakeFiles/cmTC_9cc1e.dir/OpenMPCheckVersion.c.o
/Applications/Xcode.app/Contents/Developer/Toolchains/XcodeDefault.xctoolchain/usr/bin/cc   -Xpreprocessor -fopenmp -lomp -Wno-unused-command-line-argument -isysroot /Applications/Xcode.app/Contents/Developer/Platforms/MacOSX.platform/Developer/SDKs/MacOSX12.0.sdk -o CMakeFiles/cmTC_9cc1e.dir/OpenMPCheckVersion.c.o -c /Users/xby/CLionProjects/RayTrace/cmake-build-debug/CMakeFiles/FindOpenMP/OpenMPCheckVersion.c
/Users/xby/CLionProjects/RayTrace/cmake-build-debug/CMakeFiles/FindOpenMP/OpenMPCheckVersion.c:3:10: fatal error: 'omp.h' file not found
#include <omp.h>
         ^~~~~~~
1 error generated.
make[1]: *** [CMakeFiles/cmTC_9cc1e.dir/OpenMPCheckVersion.c.o] Error 1
make: *** [cmTC_9cc1e/fast] Error 2



Detecting CXX OpenMP version failed with the following output:
Change Dir: /Users/xby/CLionProjects/RayTrace/cmake-build-debug/CMakeFiles/CMakeTmp

Run Build Command(s):/usr/bin/make cmTC_c1fe7/fast && /Applications/Xcode.app/Contents/Developer/usr/bin/make  -f CMakeFiles/cmTC_c1fe7.dir/build.make CMakeFiles/cmTC_c1fe7.dir/build
Building CXX object CMakeFiles/cmTC_c1fe7.dir/OpenMPCheckVersion.cpp.o
/Applications/Xcode.app/Contents/Developer/Toolchains/XcodeDefault.xctoolchain/usr/bin/c++   -Xpreprocessor -fopenmp -lomp -Wno-unused-command-line-argument -isysroot /Applications/Xcode.app/Contents/Developer/Platforms/MacOSX.platform/Developer/SDKs/MacOSX12.0.sdk -std=gnu++2a -o CMakeFiles/cmTC_c1fe7.dir/OpenMPCheckVersion.cpp.o -c /Users/xby/CLionProjects/RayTrace/cmake-build-debug/CMakeFiles/FindOpenMP/OpenMPCheckVersion.cpp
/Users/xby/CLionProjects/RayTrace/cmake-build-debug/CMakeFiles/FindOpenMP/OpenMPCheckVersion.cpp:3:10: fatal error: 'omp.h' file not found
#include <omp.h>
         ^~~~~~~
1 error generated.
make[1]: *** [CMakeFiles/cmTC_c1fe7.dir/OpenMPCheckVersion.cpp.o] Error 1
make: *** [cmTC_c1fe7/fast] Error 2



Detecting C OpenMP version failed with the following output:
Change Dir: /Users/xby/CLionProjects/RayTrace/cmake-build-debug/CMakeFiles/CMakeTmp

Run Build Command(s):/usr/bin/make cmTC_851b1/fast && /Applications/Xcode.app/Contents/Developer/usr/bin/make  -f CMakeFiles/cmTC_851b1.dir/build.make CMakeFiles/cmTC_851b1.dir/build
Building C object CMakeFiles/cmTC_851b1.dir/OpenMPCheckVersion.c.o
/Applications/Xcode.app/Contents/Developer/Toolchains/XcodeDefault.xctoolchain/usr/bin/cc   -Xpreprocessor -fopenmp -lomp -Wno-unused-command-line-argument -isysroot /Applications/Xcode.app/Contents/Developer/Platforms/MacOSX.platform/Developer/SDKs/MacOSX12.0.sdk -o CMakeFiles/cmTC_851b1.dir/OpenMPCheckVersion.c.o -c /Users/xby/CLionProjects/RayTrace/cmake-build-debug/CMakeFiles/FindOpenMP/OpenMPCheckVersion.c
/Users/xby/CLionProjects/RayTrace/cmake-build-debug/CMakeFiles/FindOpenMP/OpenMPCheckVersion.c:3:10: fatal error: 'omp.h' file not found
#include <omp.h>
         ^~~~~~~
1 error generated.
make[1]: *** [CMakeFiles/cmTC_851b1.dir/OpenMPCheckVersion.c.o] Error 1
make: *** [cmTC_851b1/fast] Error 2



Detecting CXX OpenMP version failed with the following output:
Change Dir: /Users/xby/CLionProjects/RayTrace/cmake-build-debug/CMakeFiles/CMakeTmp

Run Build Command(s):/usr/bin/make cmTC_791ba/fast && /Applications/Xcode.app/Contents/Developer/usr/bin/make  -f CMakeFiles/cmTC_791ba.dir/build.make CMakeFiles/cmTC_791ba.dir/build
Building CXX object CMakeFiles/cmTC_791ba.dir/OpenMPCheckVersion.cpp.o
/Applications/Xcode.app/Contents/Developer/Toolchains/XcodeDefault.xctoolchain/usr/bin/c++   -Xpreprocessor -fopenmp -lomp -Wno-unused-command-line-argument -isysroot /Applications/Xcode.app/Contents/Developer/Platforms/MacOSX.platform/Developer/SDKs/MacOSX12.0.sdk -std=gnu++2a -o CMakeFiles/cmTC_791ba.dir/OpenMPCheckVersion.cpp.o -c /Users/xby/CLionProjects/RayTrace/cmake-build-debug/CMakeFiles/FindOpenMP/OpenMPCheckVersion.cpp
/Users/xby/CLionProjects/RayTrace/cmake-build-debug/CMakeFiles/FindOpenMP/OpenMPCheckVersion.cpp:3:10: fatal error: 'omp.h' file not found
#include <omp.h>
         ^~~~~~~
1 error generated.
make[1]: *** [CMakeFiles/cmTC_791ba.dir/OpenMPCheckVersion.cpp.o] Error 1
make: *** [cmTC_791ba/fast] Error 2



